number,value,datetime_start,datetime_complete,duration,params_half_life_days,params_l2_lambda,params_threshold,state,r2
0,-0.055618445002295736,2026-06-09 16:39:43.240235,2026-06-09 16:39:43.270003,0 days 00:00:00.029768,111.5579284069578,7.969454818643932,15,COMPLETE,0.055618445002295736
1,-0.040740331514977135,2026-06-09 16:39:43.270099,2026-06-09 16:39:43.296918,0 days 00:00:00.026819,244.79668704186594,0.20513382630874502,3,COMPLETE,0.040740331514977135
2,-0.048586763029571545,2026-06-09 16:39:43.296971,2026-06-09 16:39:43.322170,0 days 00:00:00.025199,36.77693677430325,5.3994844097874335,12,COMPLETE,0.048586763029571545
3,-0.037947927137797266,2026-06-09 16:39:43.322219,2026-06-09 16:39:43.352459,0 days 00:00:00.030240,359.27742843713463,0.10994335574766201,20,COMPLETE,0.037947927137797266
4,-0.03891284789560567,2026-06-09 16:39:43.352506,2026-06-09 16:39:43.377120,0 days 00:00:00.024614,555.6872843629607,0.26587543983272705,3,COMPLETE,0.03891284789560567
5,-0.03760452484176546,2026-06-09 16:39:43.377163,2026-06-09 16:39:43.401455,0 days 00:00:00.024292,57.07213043685121,0.4059611610484306,11,COMPLETE,0.03760452484176546
6,-0.04366560940911446,2026-06-09 16:39:43.401498,2026-06-09 16:39:43.425523,0 days 00:00:00.024025,136.43353841454115,0.38234752246751863,12,COMPLETE,0.04366560940911446
7,-0.03453778718973943,2026-06-09 16:39:43.425566,2026-06-09 16:39:43.449283,0 days 00:00:00.023717,48.927552340819936,0.3839629299804172,7,COMPLETE,0.03453778718973943
8,-0.05381787017888606,2026-06-09 16:39:43.449323,2026-06-09 16:39:43.472994,0 days 00:00:00.023671,148.47746361371384,3.7183641805732086,4,COMPLETE,0.05381787017888606
9,-0.049666356938178,2026-06-09 16:39:43.473033,2026-06-09 16:39:43.496948,0 days 00:00:00.023915,182.06981506056835,1.530485212183147,0,COMPLETE,0.049666356938178
10,-0.04456939575586327,2026-06-09 16:39:43.496988,2026-06-09 16:39:43.523445,0 days 00:00:00.026457,843.7035560939527,1.3112992007873703,20,COMPLETE,0.04456939575586327
11,-0.05537239653003767,2026-06-09 16:39:43.523488,2026-06-09 16:39:43.548631,0 days 00:00:00.025143,101.23556360243046,9.552896679671543,16,COMPLETE,0.05537239653003767
12,-0.05459624031347776,2026-06-09 16:39:43.548674,2026-06-09 16:39:43.573693,0 days 00:00:00.025019,82.48181653506093,9.36431622150994,16,COMPLETE,0.05459624031347776
13,-0.05561952371710166,2026-06-09 16:39:43.573735,2026-06-09 16:39:43.600769,0 days 00:00:00.027034,111.89908303677664,9.812286639995188,16,COMPLETE,0.05561952371710166
14,-0.052260849003716636,2026-06-09 16:39:43.600841,2026-06-09 16:39:43.627941,0 days 00:00:00.027100,81.7415192572285,3.426615048235642,16,COMPLETE,0.052260849003716636
15,-0.05398961377428968,2026-06-09 16:39:43.627990,2026-06-09 16:39:43.653671,0 days 00:00:00.025681,263.3882087167005,5.373713206635388,14,COMPLETE,0.05398961377428968
16,-0.05024001982801218,2026-06-09 16:39:43.653713,2026-06-09 16:39:43.679017,0 days 00:00:00.025304,101.61841815775342,1.7768797798060252,9,COMPLETE,0.05024001982801218
17,-0.047787238444569224,2026-06-09 16:39:43.679062,2026-06-09 16:39:43.704294,0 days 00:00:00.025232,32.906117945453104,5.5324460360731065,18,COMPLETE,0.047787238444569224
18,-0.05163345181377743,2026-06-09 16:39:43.704336,2026-06-09 16:39:43.729897,0 days 00:00:00.025561,208.8096565169677,2.519347583732501,14,COMPLETE,0.05163345181377743
19,-0.05455813012531163,2026-06-09 16:39:43.729943,2026-06-09 16:39:43.755399,0 days 00:00:00.025456,364.2311766491462,9.59045749323398,9,COMPLETE,0.05455813012531163
20,-0.04614334631703332,2026-06-09 16:39:43.755443,2026-06-09 16:39:43.780508,0 days 00:00:00.025065,130.6966951627226,0.6821018330793576,14,COMPLETE,0.04614334631703332
21,-0.0533180245851097,2026-06-09 16:39:43.780551,2026-06-09 16:39:43.805708,0 days 00:00:00.025157,65.70429955707364,9.908401112073149,17,COMPLETE,0.0533180245851097
22,-0.05520450410409794,2026-06-09 16:39:43.805751,2026-06-09 16:39:43.831068,0 days 00:00:00.025317,102.8826978191164,6.595858681145771,18,COMPLETE,0.05520450410409794
23,-0.05344717060957194,2026-06-09 16:39:43.831111,2026-06-09 16:39:43.856614,0 days 00:00:00.025503,104.90422172248357,3.5927186383067813,15,COMPLETE,0.05344717060957194
24,-0.050836358462665654,2026-06-09 16:39:43.856662,2026-06-09 16:39:43.882517,0 days 00:00:00.025855,44.366014358583215,7.321019320007719,18,COMPLETE,0.050836358462665654
25,-0.05313718666096656,2026-06-09 16:39:43.882562,2026-06-09 16:39:43.909243,0 days 00:00:00.026681,74.73170407400666,4.894057592170779,12,COMPLETE,0.05313718666096656
26,-0.05215129293344256,2026-06-09 16:39:43.909291,2026-06-09 16:39:43.934859,0 days 00:00:00.025568,166.53805553616198,2.5627590821942894,16,COMPLETE,0.05215129293344256
27,-0.055637935976411645,2026-06-09 16:39:43.934904,2026-06-09 16:39:43.960374,0 days 00:00:00.025470,116.72901107474661,7.457935385978866,19,COMPLETE,0.055637935976411645
28,-0.054546185748356346,2026-06-09 16:39:43.960449,2026-06-09 16:39:43.988901,0 days 00:00:00.028452,288.03077211113373,7.095953497255424,20,COMPLETE,0.054546185748356346
29,-0.05381765407661654,2026-06-09 16:39:43.988949,2026-06-09 16:39:44.014550,0 days 00:00:00.025601,200.67597952338204,4.216570072024104,19,COMPLETE,0.05381765407661654
30,-0.05232023271934039,2026-06-09 16:39:44.014596,2026-06-09 16:39:44.040103,0 days 00:00:00.025507,119.32276649186957,2.596503767765376,13,COMPLETE,0.05232023271934039
31,-0.054721498862671636,2026-06-09 16:39:44.040147,2026-06-09 16:39:44.065558,0 days 00:00:00.025411,85.13501374408364,7.514383262620834,17,COMPLETE,0.054721498862671636
32,-0.05291048821664801,2026-06-09 16:39:44.065602,2026-06-09 16:39:44.091947,0 days 00:00:00.026345,60.87336685024325,7.292170051734755,16,COMPLETE,0.05291048821664801
33,-0.055534386448386264,2026-06-09 16:39:44.092000,2026-06-09 16:39:44.120754,0 days 00:00:00.028754,108.70966880571629,9.98629636165533,15,COMPLETE,0.055534386448386264
34,-0.05515433732040187,2026-06-09 16:39:44.120805,2026-06-09 16:39:44.150276,0 days 00:00:00.029471,142.69203944886004,5.523488337231182,19,COMPLETE,0.05515433732040187
35,-0.05392114830489636,2026-06-09 16:39:44.150324,2026-06-09 16:39:44.176238,0 days 00:00:00.025914,217.43462214584076,4.566155695129907,10,COMPLETE,0.05392114830489636
36,-0.040115997966846284,2026-06-09 16:39:44.176282,2026-06-09 16:39:44.201914,0 days 00:00:00.025632,117.49781428116181,0.15147749198726182,14,COMPLETE,0.040115997966846284
37,-0.0538935458293035,2026-06-09 16:39:44.201958,2026-06-09 16:39:44.227694,0 days 00:00:00.025736,327.2979734939254,6.275309549241271,13,COMPLETE,0.0538935458293035
38,-0.0558155068598476,2026-06-09 16:39:44.227740,2026-06-09 16:39:44.253261,0 days 00:00:00.025521,166.94867334890296,8.167153296145486,15,COMPLETE,0.0558155068598476
39,-0.05289952159213207,2026-06-09 16:39:44.253332,2026-06-09 16:39:44.280141,0 days 00:00:00.026809,161.84841100598524,3.024725582436339,11,COMPLETE,0.05289952159213207
40,-0.05123318128747156,2026-06-09 16:39:44.280188,2026-06-09 16:39:44.306056,0 days 00:00:00.025868,528.4904291243673,4.255295481434099,19,COMPLETE,0.05123318128747156
41,-0.055799009653135,2026-06-09 16:39:44.306103,2026-06-09 16:39:44.331728,0 days 00:00:00.025625,126.757637000304,7.925352933781447,15,COMPLETE,0.055799009653135
42,-0.055851715677225355,2026-06-09 16:39:44.331774,2026-06-09 16:39:44.357041,0 days 00:00:00.025267,140.83820198629365,7.921456677278754,17,COMPLETE,0.055851715677225355
43,-0.055721428762045555,2026-06-09 16:39:44.357116,2026-06-09 16:39:44.384053,0 days 00:00:00.026937,179.05858106755008,8.028477232285088,17,COMPLETE,0.055721428762045555
44,-0.05512980872253581,2026-06-09 16:39:44.384099,2026-06-09 16:39:44.409766,0 days 00:00:00.025667,182.13480621889946,6.023669395305672,17,COMPLETE,0.05512980872253581
45,-0.05519672076615012,2026-06-09 16:39:44.409810,2026-06-09 16:39:44.435138,0 days 00:00:00.025328,230.63867871731313,7.573619884105987,18,COMPLETE,0.05519672076615012
46,-0.05589392873309229,2026-06-09 16:39:44.435186,2026-06-09 16:39:44.460744,0 days 00:00:00.025558,147.06871481900757,8.290820362812298,20,COMPLETE,0.05589392873309229
47,-0.054704770458975815,2026-06-09 16:39:44.460816,2026-06-09 16:39:44.486971,0 days 00:00:00.026155,149.9596081398285,4.790837063454163,20,COMPLETE,0.054704770458975815
48,-0.05575224125342437,2026-06-09 16:39:44.487022,2026-06-09 16:39:44.514388,0 days 00:00:00.027366,182.2159386312512,8.389339549092249,17,COMPLETE,0.05575224125342437
49,-0.05435989512745021,2026-06-09 16:39:44.514439,2026-06-09 16:39:44.540354,0 days 00:00:00.025915,260.49513675314915,6.0132995548464,5,COMPLETE,0.05435989512745021
50,-0.05402407387252961,2026-06-09 16:39:44.540399,2026-06-09 16:39:44.566153,0 days 00:00:00.025754,411.646200622222,8.284580090912,15,COMPLETE,0.05402407387252961
51,-0.05571266648619444,2026-06-09 16:39:44.566198,2026-06-09 16:39:44.591606,0 days 00:00:00.025408,181.59190378071412,8.083469159625801,17,COMPLETE,0.05571266648619444
52,-0.0558793550632537,2026-06-09 16:39:44.591650,2026-06-09 16:39:44.616722,0 days 00:00:00.025072,134.45693051655905,8.329890970178484,13,COMPLETE,0.0558793550632537
53,-0.05545768264172635,2026-06-09 16:39:44.616765,2026-06-09 16:39:44.642052,0 days 00:00:00.025287,138.29633862261625,6.232377895319486,13,COMPLETE,0.05545768264172635
54,-0.054898533735461386,2026-06-09 16:39:44.642094,2026-06-09 16:39:44.667200,0 days 00:00:00.025106,87.65767269328931,8.6784769335912,12,COMPLETE,0.054898533735461386
55,-0.04948135776235374,2026-06-09 16:39:44.667242,2026-06-09 16:39:44.692635,0 days 00:00:00.025393,929.6014084606538,3.811112073984883,15,COMPLETE,0.04948135776235374
56,-0.05505083234422781,2026-06-09 16:39:44.692678,2026-06-09 16:39:44.717751,0 days 00:00:00.025073,135.80153764990985,5.303740630265925,14,COMPLETE,0.05505083234422781
57,-0.04599068865693101,2026-06-09 16:39:44.717794,2026-06-09 16:39:44.742852,0 days 00:00:00.025058,93.08584117038495,0.7975730001042811,16,COMPLETE,0.04599068865693101
58,-0.05562138888026902,2026-06-09 16:39:44.742896,2026-06-09 16:39:44.768070,0 days 00:00:00.025174,204.2581701215265,8.643036120161591,12,COMPLETE,0.05562138888026902
59,-0.05538444958716782,2026-06-09 16:39:44.768114,2026-06-09 16:39:44.793254,0 days 00:00:00.025140,157.41988676572723,6.198232074322385,15,COMPLETE,0.05538444958716782
60,-0.05309916144631477,2026-06-09 16:39:44.793297,2026-06-09 16:39:44.818399,0 days 00:00:00.025102,123.14472440971983,3.094612239511904,11,COMPLETE,0.05309916144631477
61,-0.05581205792866406,2026-06-09 16:39:44.818443,2026-06-09 16:39:44.844164,0 days 00:00:00.025721,183.90234208604065,9.107318277073398,17,COMPLETE,0.05581205792866406
62,-0.0553034254146928,2026-06-09 16:39:44.844208,2026-06-09 16:39:44.869466,0 days 00:00:00.025258,250.76659845253286,9.11062207817935,18,COMPLETE,0.0553034254146928
63,-0.05529967382609302,2026-06-09 16:39:44.869509,2026-06-09 16:39:44.894596,0 days 00:00:00.025087,192.42835959472234,6.718249405773614,16,COMPLETE,0.05529967382609302
64,-0.05484440501574106,2026-06-09 16:39:44.894638,2026-06-09 16:39:44.919824,0 days 00:00:00.025186,170.3691947257404,5.24480315613813,13,COMPLETE,0.05484440501574106
65,-0.05489482973264537,2026-06-09 16:39:44.919865,2026-06-09 16:39:44.944986,0 days 00:00:00.025121,298.9234887040612,8.882970582559576,20,COMPLETE,0.05489482973264537
66,-0.05560093972454572,2026-06-09 16:39:44.945028,2026-06-09 16:39:44.970471,0 days 00:00:00.025443,151.78937388045563,6.774612140778388,1,COMPLETE,0.05560093972454572
67,-0.054037079551125355,2026-06-09 16:39:44.970514,2026-06-09 16:39:44.996208,0 days 00:00:00.025694,74.31791421388287,9.738647143963567,18,COMPLETE,0.054037079551125355
68,-0.054204871729038206,2026-06-09 16:39:44.996250,2026-06-09 16:39:45.021732,0 days 00:00:00.025482,128.02558450324506,4.092051529203982,17,COMPLETE,0.054204871729038206
69,-0.05393278143278091,2026-06-09 16:39:45.021777,2026-06-09 16:39:45.047306,0 days 00:00:00.025529,231.3109108088663,4.782741542089226,14,COMPLETE,0.05393278143278091
70,-0.05526671032326469,2026-06-09 16:39:45.047350,2026-06-09 16:39:45.072700,0 days 00:00:00.025350,97.19044221192313,8.087805144987156,19,COMPLETE,0.05526671032326469
71,-0.05572452311029341,2026-06-09 16:39:45.072745,2026-06-09 16:39:45.098017,0 days 00:00:00.025272,168.392390248877,7.655090229111042,17,COMPLETE,0.05572452311029341
72,-0.05572645662814413,2026-06-09 16:39:45.098059,2026-06-09 16:39:45.123204,0 days 00:00:00.025145,144.4002243517551,7.200207370804783,15,COMPLETE,0.05572645662814413
73,-0.055614963869707545,2026-06-09 16:39:45.123246,2026-06-09 16:39:45.148742,0 days 00:00:00.025496,145.89063656142073,6.761315775931685,16,COMPLETE,0.055614963869707545
74,-0.05519629051149566,2026-06-09 16:39:45.148786,2026-06-09 16:39:45.174441,0 days 00:00:00.025655,130.2298413636778,5.611641885571875,14,COMPLETE,0.05519629051149566
75,-0.05562800858246908,2026-06-09 16:39:45.174485,2026-06-09 16:39:45.199869,0 days 00:00:00.025384,112.13629244185839,9.764723216671975,15,COMPLETE,0.05562800858246908
76,-0.05544217247557337,2026-06-09 16:39:45.199913,2026-06-09 16:39:45.225017,0 days 00:00:00.025104,188.2933047612972,7.0702367284740335,15,COMPLETE,0.05544217247557337
77,-0.05557852154023479,2026-06-09 16:39:45.225060,2026-06-09 16:39:45.250072,0 days 00:00:00.025012,206.61821973124538,8.464813089269642,16,COMPLETE,0.05557852154023479
78,-0.03955157918298002,2026-06-09 16:39:45.250114,2026-06-09 16:39:45.275114,0 days 00:00:00.025000,161.35733584602053,0.10254562839234954,13,COMPLETE,0.03955157918298002
79,-0.041377909284519454,2026-06-09 16:39:45.275156,2026-06-09 16:39:45.300324,0 days 00:00:00.025168,225.28712139313498,0.23428358401410154,18,COMPLETE,0.041377909284519454
80,-0.0550710855547385,2026-06-09 16:39:45.300367,2026-06-09 16:39:45.325412,0 days 00:00:00.025045,107.44236492972257,5.870300273858127,14,COMPLETE,0.0550710855547385
81,-0.05557688912385095,2026-06-09 16:39:45.325454,2026-06-09 16:39:45.351021,0 days 00:00:00.025567,170.73111447792516,7.067227675932377,17,COMPLETE,0.05557688912385095
82,-0.05583934902960075,2026-06-09 16:39:45.351065,2026-06-09 16:39:45.376329,0 days 00:00:00.025264,135.0311049720404,7.91223704314354,17,COMPLETE,0.05583934902960075
83,-0.055920175325341326,2026-06-09 16:39:45.376373,2026-06-09 16:39:45.401469,0 days 00:00:00.025096,143.50610812299618,8.611685954145397,19,COMPLETE,0.055920175325341326
84,-0.05583892521773248,2026-06-09 16:39:45.401539,2026-06-09 16:39:45.428628,0 days 00:00:00.027089,124.53695328578904,8.968485254410906,19,COMPLETE,0.05583892521773248
85,-0.055845272229500864,2026-06-09 16:39:45.428682,2026-06-09 16:39:45.455508,0 days 00:00:00.026826,125.15878672252352,9.021390308822099,20,COMPLETE,0.055845272229500864
86,-0.055742225252803035,2026-06-09 16:39:45.455558,2026-06-09 16:39:45.481255,0 days 00:00:00.025697,118.21229638278345,9.649854502743485,20,COMPLETE,0.055742225252803035
87,-0.05419394775200026,2026-06-09 16:39:45.481301,2026-06-09 16:39:45.507338,0 days 00:00:00.026037,75.4583656712031,8.923190760882715,19,COMPLETE,0.05419394775200026
88,-0.05495214285017058,2026-06-09 16:39:45.507383,2026-06-09 16:39:45.532953,0 days 00:00:00.025570,95.52291479699936,6.468219820985723,19,COMPLETE,0.05495214285017058
89,-0.054803783359745006,2026-06-09 16:39:45.532998,2026-06-09 16:39:45.558900,0 days 00:00:00.025902,138.32014588331262,4.883158241390327,20,COMPLETE,0.054803783359745006
90,-0.05482762822454512,2026-06-09 16:39:45.558943,2026-06-09 16:39:45.584651,0 days 00:00:00.025708,105.23188919676387,5.421586908859547,18,COMPLETE,0.05482762822454512
91,-0.0557816282797462,2026-06-09 16:39:45.584696,2026-06-09 16:39:45.610230,0 days 00:00:00.025534,125.40162843163772,7.861908591409185,19,COMPLETE,0.0557816282797462
92,-0.0558386149748441,2026-06-09 16:39:45.610275,2026-06-09 16:39:45.636252,0 days 00:00:00.025977,150.9354002617257,7.886916322230128,20,COMPLETE,0.0558386149748441
93,-0.05593702863380634,2026-06-09 16:39:45.636298,2026-06-09 16:39:45.662451,0 days 00:00:00.026153,147.4209532335844,8.893981383538753,20,COMPLETE,0.05593702863380634
94,-0.055944133418867836,2026-06-09 16:39:45.662523,2026-06-09 16:39:45.689659,0 days 00:00:00.027136,154.69320780899508,9.911366082975157,20,COMPLETE,0.055944133418867836
95,-0.05594630276968915,2026-06-09 16:39:45.689731,2026-06-09 16:39:45.716670,0 days 00:00:00.026939,152.89051573670062,9.854377784225028,20,COMPLETE,0.05594630276968915
96,-0.05591964144436257,2026-06-09 16:39:45.716743,2026-06-09 16:39:45.743919,0 days 00:00:00.027176,139.22936304585963,9.926926698557557,19,COMPLETE,0.05591964144436257
97,-0.05590546790794848,2026-06-09 16:39:45.743968,2026-06-09 16:39:45.770306,0 days 00:00:00.026338,134.214921717958,9.6404987438477,20,COMPLETE,0.05590546790794848
98,-0.05567972694510992,2026-06-09 16:39:45.770353,2026-06-09 16:39:45.796082,0 days 00:00:00.025729,114.09211367480857,9.546547061064985,20,COMPLETE,0.05567972694510992
99,-0.05593709754681353,2026-06-09 16:39:45.796129,2026-06-09 16:39:45.821610,0 days 00:00:00.025481,160.10908606531783,9.893755475221113,19,COMPLETE,0.05593709754681353
