number,value,datetime_start,datetime_complete,duration,params_half_life_days,params_l2_lambda,params_threshold,state,r2
127,-0.021547020570092945,2026-06-09 16:17:22.744382,2026-06-09 16:17:23.864175,0 days 00:00:01.119793,195.64181381190707,0.3234379723046491,6,COMPLETE,0.021547020570092945
128,-0.06064664945001241,2026-06-09 16:17:23.864226,2026-06-09 16:17:24.587578,0 days 00:00:00.723352,167.26876856433825,3.809718999637547,8,COMPLETE,0.06064664945001241
129,-0.060022347046714386,2026-06-09 16:17:24.587630,2026-06-09 16:17:25.219556,0 days 00:00:00.631926,214.05008266412122,5.635623749731802,5,COMPLETE,0.060022347046714386
130,-0.06077567661559413,2026-06-09 16:17:25.219608,2026-06-09 16:17:25.882303,0 days 00:00:00.662695,177.25972980750922,4.151061216831915,7,COMPLETE,0.06077567661559413
131,-0.060847963730569776,2026-06-09 16:17:25.882400,2026-06-09 16:17:26.504266,0 days 00:00:00.621866,187.39034309651458,4.2148438625329225,7,COMPLETE,0.060847963730569776
132,-0.06069860872736199,2026-06-09 16:17:26.504317,2026-06-09 16:17:27.253216,0 days 00:00:00.748899,190.66519806490055,3.294864029013,6,COMPLETE,0.06069860872736199
133,-0.060600730029200967,2026-06-09 16:17:27.253311,2026-06-09 16:17:27.970871,0 days 00:00:00.717560,216.96662223949016,4.929019101836179,8,COMPLETE,0.060600730029200967
134,-0.05088933779152194,2026-06-09 16:17:27.970923,2026-06-09 16:17:28.554238,0 days 00:00:00.583315,59.89750258112567,4.0053446096598,7,COMPLETE,0.05088933779152194
135,-0.060887598328074555,2026-06-09 16:17:28.554294,2026-06-09 16:17:29.213617,0 days 00:00:00.659323,201.04475771342723,4.540648083560505,6,COMPLETE,0.060887598328074555
136,-0.06021509782317902,2026-06-09 16:17:29.213720,2026-06-09 16:17:29.857799,0 days 00:00:00.644079,149.85663652197357,3.563505083160386,6,COMPLETE,0.06021509782317902
137,-0.06044104657925364,2026-06-09 16:17:29.857850,2026-06-09 16:17:30.548553,0 days 00:00:00.690703,163.36392824963056,4.783439455752397,6,COMPLETE,0.06044104657925364
138,-0.0003702280060393637,2026-06-09 16:17:30.548605,2026-06-09 16:17:32.024284,0 days 00:00:01.475679,201.1634072820702,0.14177812961825756,5,COMPLETE,0.0003702280060393637
139,-0.05997055841430454,2026-06-09 16:17:32.024341,2026-06-09 16:17:32.736810,0 days 00:00:00.712469,178.71084280676425,3.0043704755129035,9,COMPLETE,0.05997055841430454
140,-0.043489693510376126,2026-06-09 16:17:32.736865,2026-06-09 16:17:33.320981,0 days 00:00:00.584116,30.452105120260637,5.370461393252311,8,COMPLETE,0.043489693510376126
141,-0.06085297592411987,2026-06-09 16:17:33.321085,2026-06-09 16:17:34.011858,0 days 00:00:00.690773,226.26138676742607,4.2886016767348165,7,COMPLETE,0.06085297592411987
142,-0.060939194998880675,2026-06-09 16:17:34.011909,2026-06-09 16:17:34.753564,0 days 00:00:00.741655,202.95303597630192,3.83858613715818,7,COMPLETE,0.060939194998880675
143,-0.06069462123977498,2026-06-09 16:17:34.753652,2026-06-09 16:17:35.455353,0 days 00:00:00.701701,258.31976343021773,4.593076856677441,6,COMPLETE,0.06069462123977498
144,-0.06089779658390315,2026-06-09 16:17:35.455455,2026-06-09 16:17:36.195829,0 days 00:00:00.740374,217.95133178815774,3.6773330535049737,8,COMPLETE,0.06089779658390315
145,-0.060777239684708606,2026-06-09 16:17:36.195926,2026-06-09 16:17:36.876299,0 days 00:00:00.680373,203.69990594125946,3.3476598384824827,8,COMPLETE,0.060777239684708606
146,-0.060843954493383756,2026-06-09 16:17:36.876355,2026-06-09 16:17:37.550947,0 days 00:00:00.674592,220.67075493026115,4.336609955069307,8,COMPLETE,0.060843954493383756
147,-0.06057115255356971,2026-06-09 16:17:37.551044,2026-06-09 16:17:38.153896,0 days 00:00:00.602852,195.2686891294682,5.180306602058458,6,COMPLETE,0.06057115255356971
148,-0.05973793622988888,2026-06-09 16:17:38.154017,2026-06-09 16:17:38.798628,0 days 00:00:00.644611,255.02434074478361,5.967671270876406,7,COMPLETE,0.05973793622988888
149,-0.06043398690460655,2026-06-09 16:17:38.798682,2026-06-09 16:17:39.532127,0 days 00:00:00.733445,290.9721046942711,3.835147543384011,7,COMPLETE,0.06043398690460655
