number,value,datetime_start,datetime_complete,duration,params_half_life_days,params_l2_lambda,params_threshold,state,r2
0,-0.05750029008587687,2026-06-10 16:56:53.907171,2026-06-10 16:56:54.626339,0 days 00:00:00.719168,111.5579284069578,7.969454818643932,15,COMPLETE,0.05750029008587687
1,-0.02189838596344995,2026-06-10 16:56:54.626447,2026-06-10 16:56:56.609808,0 days 00:00:01.983361,244.79668704186594,0.20513382630874502,3,COMPLETE,0.02189838596344995
2,-0.05128835460605152,2026-06-10 16:56:56.609872,2026-06-10 16:56:57.361811,0 days 00:00:00.751939,36.77693677430325,5.3994844097874335,12,COMPLETE,0.05128835460605152
3,-0.0025898452519902415,2026-06-10 16:56:57.361914,2026-06-10 16:56:59.993246,0 days 00:00:02.631332,359.27742843713463,0.10994335574766201,20,COMPLETE,0.0025898452519902415
4,-0.022903708151834845,2026-06-10 16:56:59.993301,2026-06-10 16:57:02.055431,0 days 00:00:02.062130,555.6872843629607,0.26587543983272705,3,COMPLETE,0.022903708151834845
5,-0.02082032921079746,2026-06-10 16:57:02.055483,2026-06-10 16:57:03.161590,0 days 00:00:01.106107,57.07213043685121,0.4059611610484306,11,COMPLETE,0.02082032921079746
6,-0.03646881564786275,2026-06-10 16:57:03.161690,2026-06-10 16:57:04.501042,0 days 00:00:01.339352,136.43353841454115,0.38234752246751863,12,COMPLETE,0.03646881564786275
7,-0.014923983276125319,2026-06-10 16:57:04.501143,2026-06-10 16:57:05.513571,0 days 00:00:01.012428,48.927552340819936,0.3839629299804172,7,COMPLETE,0.014923983276125319
8,-0.061908732248104115,2026-06-10 16:57:05.513628,2026-06-10 16:57:06.393280,0 days 00:00:00.879652,148.47746361371384,3.7183641805732086,4,COMPLETE,0.061908732248104115
9,-0.05811872343574731,2026-06-10 16:57:06.393368,2026-06-10 16:57:07.038058,0 days 00:00:00.644690,182.06981506056835,1.530485212183147,0,COMPLETE,0.05811872343574731
10,-0.05574196426935263,2026-06-10 16:57:07.038183,2026-06-10 16:57:08.343620,0 days 00:00:01.305437,846.8209840008549,2.126848942597982,20,COMPLETE,0.05574196426935263
11,-0.05741052993659701,2026-06-10 16:57:08.343683,2026-06-10 16:57:09.031668,0 days 00:00:00.687985,155.5393744851735,1.4495140946235858,0,COMPLETE,0.05741052993659701
12,-0.05502201768739856,2026-06-10 16:57:09.031720,2026-06-10 16:57:09.599526,0 days 00:00:00.567806,83.02533879798266,1.770789973812919,0,COMPLETE,0.05502201768739856
13,-0.06217388589779005,2026-06-10 16:57:09.599580,2026-06-10 16:57:10.485148,0 days 00:00:00.885568,207.64259853197018,3.6552774670951185,5,COMPLETE,0.06217388589779005
14,-0.061620105300835726,2026-06-10 16:57:10.485228,2026-06-10 16:57:11.510487,0 days 00:00:01.025259,305.1800390254951,3.94171678241066,6,COMPLETE,0.061620105300835726
15,-0.059018549496318906,2026-06-10 16:57:11.510590,2026-06-10 16:57:12.289421,0 days 00:00:00.778831,86.12747063841209,3.233260920463776,7,COMPLETE,0.059018549496318906
16,-0.04630362368015606,2026-06-10 16:57:12.289474,2026-06-10 16:57:13.846476,0 days 00:00:01.557002,536.5797467195971,0.8141372491243993,4,COMPLETE,0.04630362368015606
17,-0.05694824496137785,2026-06-10 16:57:13.846579,2026-06-10 16:57:14.667356,0 days 00:00:00.820777,198.32363013208175,9.705993195011624,9,COMPLETE,0.05694824496137785
18,-0.04931179528427676,2026-06-10 16:57:14.667412,2026-06-10 16:57:15.896163,0 days 00:00:01.228751,361.57332005136857,0.8738782122751503,5,COMPLETE,0.04931179528427676
19,-0.059145034671602925,2026-06-10 16:57:15.896217,2026-06-10 16:57:16.625789,0 days 00:00:00.729572,99.80746030992854,5.290109541034294,9,COMPLETE,0.059145034671602925
20,-0.06162205174397828,2026-06-10 16:57:16.625888,2026-06-10 16:57:17.439084,0 days 00:00:00.813196,217.06427474112948,2.6781818985236576,2,COMPLETE,0.06162205174397828
21,-0.06159317838160894,2026-06-10 16:57:17.439186,2026-06-10 16:57:18.296449,0 days 00:00:00.857263,241.7215415227215,2.8337010889275516,2,COMPLETE,0.06159317838160894
22,-0.06006734009980541,2026-06-10 16:57:18.296504,2026-06-10 16:57:19.111330,0 days 00:00:00.814826,132.1125673461253,5.507385831287441,2,COMPLETE,0.06006734009980541
23,-0.061432519418534004,2026-06-10 16:57:19.111434,2026-06-10 16:57:20.014242,0 days 00:00:00.902808,235.86624925658654,2.477053786367282,5,COMPLETE,0.061432519418534004
24,-0.05303937731040764,2026-06-10 16:57:20.014343,2026-06-10 16:57:21.277846,0 days 00:00:01.263503,417.5681547332496,1.179931993811658,2,COMPLETE,0.05303937731040764
25,-0.05617422991638665,2026-06-10 16:57:21.277946,2026-06-10 16:57:22.068239,0 days 00:00:00.790293,65.45835366760952,3.8432846676398205,6,COMPLETE,0.05617422991638665
26,-0.05970643235868223,2026-06-10 16:57:22.068290,2026-06-10 16:57:22.904531,0 days 00:00:00.836241,179.39021118291234,6.867672629642895,9,COMPLETE,0.05970643235868223
27,-0.061683198411979334,2026-06-10 16:57:22.904582,2026-06-10 16:57:23.794641,0 days 00:00:00.890059,263.91470745672495,3.9174531547929066,4,COMPLETE,0.061683198411979334
28,-0.06135083558322307,2026-06-10 16:57:23.794691,2026-06-10 16:57:24.846424,0 days 00:00:01.051733,297.4897981088058,4.408373783118269,8,COMPLETE,0.06135083558322307
29,-0.057775111746165786,2026-06-10 16:57:24.846476,2026-06-10 16:57:25.632313,0 days 00:00:00.785837,117.6251165439148,7.948010668004212,15,COMPLETE,0.057775111746165786
30,-0.05766353302828686,2026-06-10 16:57:25.632369,2026-06-10 16:57:26.511930,0 days 00:00:00.879561,507.16392634406145,6.861768445650257,5,COMPLETE,0.05766353302828686
31,-0.06112820303637745,2026-06-10 16:57:26.511980,2026-06-10 16:57:27.451902,0 days 00:00:00.939922,158.7497308362824,2.2217927342790023,3,COMPLETE,0.06112820303637745
32,-0.062113233510642574,2026-06-10 16:57:27.451953,2026-06-10 16:57:28.396239,0 days 00:00:00.944286,210.85817223502562,3.053369023620706,4,COMPLETE,0.062113233510642574
33,-0.061691817632060886,2026-06-10 16:57:28.396292,2026-06-10 16:57:29.364494,0 days 00:00:00.968202,270.77313487903484,3.307449902867267,4,COMPLETE,0.061691817632060886
34,-0.06124296830039788,2026-06-10 16:57:29.364547,2026-06-10 16:57:30.365502,0 days 00:00:01.000955,313.5941355609239,3.290387489244661,4,COMPLETE,0.06124296830039788
35,-0.05030975089459755,2026-06-10 16:57:30.365601,2026-06-10 16:57:31.145150,0 days 00:00:00.779549,31.12917796714824,5.228565110311871,7,COMPLETE,0.05030975089459755
36,-0.055327747726251375,2026-06-10 16:57:31.145210,2026-06-10 16:57:32.087720,0 days 00:00:00.942510,773.7321670516172,1.8592285061180296,1,COMPLETE,0.055327747726251375
37,-0.05165664007477522,2026-06-10 16:57:32.087773,2026-06-10 16:57:33.221569,0 days 00:00:01.133796,106.20313243794998,1.0011441019532297,6,COMPLETE,0.05165664007477522
38,-0.04391733226440886,2026-06-10 16:57:33.221671,2026-06-10 16:57:34.773887,0 days 00:00:01.552216,408.25617355786585,0.6613644475520924,4,COMPLETE,0.04391733226440886
39,-0.056855134556199616,2026-06-10 16:57:34.773939,2026-06-10 16:57:35.568545,0 days 00:00:00.794606,176.10682964116532,9.908558636230513,11,COMPLETE,0.056855134556199616
40,-0.01581651126947714,2026-06-10 16:57:35.568603,2026-06-10 16:57:37.283820,0 days 00:00:01.715217,142.3943147971148,0.1458016067056179,3,COMPLETE,0.01581651126947714
41,-0.06136768240184409,2026-06-10 16:57:37.283876,2026-06-10 16:57:38.179594,0 days 00:00:00.895718,267.82110130468647,4.478433279872368,4,COMPLETE,0.06136768240184409
42,-0.06219164884868278,2026-06-10 16:57:38.179690,2026-06-10 16:57:39.066227,0 days 00:00:00.886537,210.99812373011656,3.2880861239418473,5,COMPLETE,0.06219164884868278
43,-0.06246453216960135,2026-06-10 16:57:39.066385,2026-06-10 16:57:40.004991,0 days 00:00:00.938606,210.14498010582705,3.200296807066549,8,COMPLETE,0.06246453216960135
44,-0.0581647191541379,2026-06-10 16:57:40.005178,2026-06-10 16:57:41.143955,0 days 00:00:01.138777,212.28803211163003,1.405085002622818,7,COMPLETE,0.0581647191541379
45,-0.06119912468541311,2026-06-10 16:57:41.144011,2026-06-10 16:57:42.095914,0 days 00:00:00.951903,169.9939936525458,2.0478387994820393,8,COMPLETE,0.06119912468541311
46,-0.06206008432194776,2026-06-10 16:57:42.095969,2026-06-10 16:57:42.974769,0 days 00:00:00.878800,130.1959840562924,2.833609599110315,13,COMPLETE,0.06206008432194776
47,-0.061875842409183424,2026-06-10 16:57:42.974823,2026-06-10 16:57:43.898416,0 days 00:00:00.923593,127.77180316889263,2.7301300152979664,17,COMPLETE,0.061875842409183424
48,-0.0567534581997029,2026-06-10 16:57:43.898466,2026-06-10 16:57:44.771049,0 days 00:00:00.872583,90.5354482148764,1.7264759839658452,13,COMPLETE,0.0567534581997029
49,-0.05631387657767961,2026-06-10 16:57:44.771146,2026-06-10 16:57:45.585738,0 days 00:00:00.814592,73.62905458033136,6.177532975798608,15,COMPLETE,0.05631387657767961
50,-0.05182603903168681,2026-06-10 16:57:45.585791,2026-06-10 16:57:46.438668,0 days 00:00:00.852877,45.83554925817065,3.0472884280067256,13,COMPLETE,0.05182603903168681
51,-0.062107112595398806,2026-06-10 16:57:46.438724,2026-06-10 16:57:47.360134,0 days 00:00:00.921410,196.28285453252033,4.612505830342136,18,COMPLETE,0.062107112595398806
52,-0.062277309139772474,2026-06-10 16:57:47.360239,2026-06-10 16:57:48.246610,0 days 00:00:00.886371,198.27203424265315,4.511283363228864,17,COMPLETE,0.062277309139772474
53,-0.061760582206884296,2026-06-10 16:57:48.246712,2026-06-10 16:57:49.214190,0 days 00:00:00.967478,223.9348953850651,4.6527924907322005,19,COMPLETE,0.061760582206884296
54,-0.062478264251389026,2026-06-10 16:57:49.214246,2026-06-10 16:57:50.176868,0 days 00:00:00.962622,200.74983638498958,3.633026910561666,19,COMPLETE,0.062478264251389026
55,-0.06032096370081552,2026-06-10 16:57:50.176947,2026-06-10 16:57:51.464647,0 days 00:00:01.287700,334.86834914632755,2.40153442469413,20,COMPLETE,0.06032096370081552
56,-0.06290111593199899,2026-06-10 16:57:51.464757,2026-06-10 16:57:52.466216,0 days 00:00:01.001459,189.61010532909594,3.4364124190443373,17,COMPLETE,0.06290111593199899
57,-0.06258211400346148,2026-06-10 16:57:52.466300,2026-06-10 16:57:53.301052,0 days 00:00:00.834752,157.05579989880277,3.7098902962287688,16,COMPLETE,0.06258211400346148
58,-0.06036925395994308,2026-06-10 16:57:53.301152,2026-06-10 16:57:54.135986,0 days 00:00:00.834834,144.93035661677698,5.972478227135209,17,COMPLETE,0.06036925395994308
59,-0.05872435378447305,2026-06-10 16:57:54.136042,2026-06-10 16:57:54.935580,0 days 00:00:00.799538,164.22590124677694,7.904765889351768,16,COMPLETE,0.05872435378447305
60,-0.06250715442989496,2026-06-10 16:57:54.935679,2026-06-10 16:57:55.825975,0 days 00:00:00.890296,192.8614892398095,3.5760287912980324,19,COMPLETE,0.06250715442989496
61,-0.06234947389616097,2026-06-10 16:57:55.826029,2026-06-10 16:57:56.730722,0 days 00:00:00.904693,189.98981548394823,3.9365542999148784,19,COMPLETE,0.06234947389616097
62,-0.06235917754646081,2026-06-10 16:57:56.730775,2026-06-10 16:57:57.579884,0 days 00:00:00.849109,184.53753182659946,3.9030048118880383,19,COMPLETE,0.06235917754646081
63,-0.062191339539463875,2026-06-10 16:57:57.579988,2026-06-10 16:57:58.682819,0 days 00:00:01.102831,242.21212298018565,3.773650291870559,19,COMPLETE,0.062191339539463875
64,-0.060784960848632386,2026-06-10 16:57:58.682873,2026-06-10 16:57:59.551388,0 days 00:00:00.868515,117.44269208464434,2.4179952253749573,19,COMPLETE,0.060784960848632386
65,-0.061279946132961616,2026-06-10 16:57:59.551443,2026-06-10 16:58:00.398398,0 days 00:00:00.846955,152.2878600717257,5.161800223809294,18,COMPLETE,0.061279946132961616
66,-0.06267429601344887,2026-06-10 16:58:00.398452,2026-06-10 16:58:01.441000,0 days 00:00:01.042548,179.3651651802966,3.734377081476171,18,COMPLETE,0.06267429601344887
67,-0.06182131301587945,2026-06-10 16:58:01.441100,2026-06-10 16:58:02.483750,0 days 00:00:01.042650,178.57171178521284,2.1260472608625283,18,COMPLETE,0.06182131301587945
68,-0.060454562098235076,2026-06-10 16:58:02.483808,2026-06-10 16:58:03.354088,0 days 00:00:00.870280,274.171596466974,6.167516126847663,16,COMPLETE,0.060454562098235076
69,-0.06208664909949868,2026-06-10 16:58:03.354149,2026-06-10 16:58:04.376408,0 days 00:00:01.022259,240.88498974772133,3.417930647295179,20,COMPLETE,0.06208664909949868
70,-0.06048701001613743,2026-06-10 16:58:04.376499,2026-06-10 16:58:05.257866,0 days 00:00:00.881367,103.78860277422537,2.6449509438290058,16,COMPLETE,0.06048701001613743
71,-0.06212908232850556,2026-06-10 16:58:05.257963,2026-06-10 16:58:06.181161,0 days 00:00:00.923198,158.05345369214456,3.9863857537516183,19,COMPLETE,0.06212908232850556
72,-0.06214277147263081,2026-06-10 16:58:06.181293,2026-06-10 16:58:07.091119,0 days 00:00:00.909826,188.1650865446471,3.969250477221364,20,COMPLETE,0.06214277147263081
73,-0.06180466628097292,2026-06-10 16:58:07.091217,2026-06-10 16:58:08.010184,0 days 00:00:00.918967,190.17834756604333,4.945836985250383,18,COMPLETE,0.06180466628097292
74,-0.05936103211306498,2026-06-10 16:58:08.010283,2026-06-10 16:58:08.808759,0 days 00:00:00.798476,137.83818630326184,7.005878833166631,15,COMPLETE,0.05936103211306498
75,-0.06208229706530999,2026-06-10 16:58:08.808811,2026-06-10 16:58:09.646241,0 days 00:00:00.837430,161.94055143119067,4.131765872997386,19,COMPLETE,0.06208229706530999
76,-0.06181661160947105,2026-06-10 16:58:09.646295,2026-06-10 16:58:10.487817,0 days 00:00:00.841522,122.96712969527296,3.1068992067517636,17,COMPLETE,0.06181661160947105
77,-0.0624091973199028,2026-06-10 16:58:10.487872,2026-06-10 16:58:11.413817,0 days 00:00:00.925945,256.64821520240696,3.5516860588082473,18,COMPLETE,0.0624091973199028
78,-0.06053260507509861,2026-06-10 16:58:11.413914,2026-06-10 16:58:12.508053,0 days 00:00:01.094139,377.6489739062075,2.3987568773387014,14,COMPLETE,0.06053260507509861
79,-0.06192605213255431,2026-06-10 16:58:12.508109,2026-06-10 16:58:13.465216,0 days 00:00:00.957107,303.3025426095576,3.562765771978809,18,COMPLETE,0.06192605213255431
