number,value,datetime_start,datetime_complete,duration,params_half_life_days,params_l2_lambda,params_threshold,state,r2
0,-0.07100653414429225,2026-06-09 16:32:02.975905,2026-06-09 16:32:03.128793,0 days 00:00:00.152888,111.5579284069578,7.969454818643932,15,COMPLETE,0.07100653414429225
1,-0.05508457904297803,2026-06-09 16:32:03.128890,2026-06-09 16:32:03.481129,0 days 00:00:00.352239,244.79668704186594,0.20513382630874502,3,COMPLETE,0.05508457904297803
2,-0.07132726900968567,2026-06-09 16:32:03.481183,2026-06-09 16:32:03.677092,0 days 00:00:00.195909,36.77693677430325,5.3994844097874335,12,COMPLETE,0.07132726900968567
3,-0.03889968149897893,2026-06-09 16:32:03.677178,2026-06-09 16:32:04.070713,0 days 00:00:00.393535,359.27742843713463,0.10994335574766201,20,COMPLETE,0.03889968149897893
4,-0.05665502762972041,2026-06-09 16:32:04.070810,2026-06-09 16:32:04.404938,0 days 00:00:00.334128,555.6872843629607,0.26587543983272705,3,COMPLETE,0.05665502762972041
5,-0.046262707082261434,2026-06-09 16:32:04.405033,2026-06-09 16:32:04.644635,0 days 00:00:00.239602,57.07213043685121,0.4059611610484306,11,COMPLETE,0.046262707082261434
6,-0.06611236964569578,2026-06-09 16:32:04.644733,2026-06-09 16:32:04.917359,0 days 00:00:00.272626,136.43353841454115,0.38234752246751863,12,COMPLETE,0.06611236964569578
7,-0.03935227892428694,2026-06-09 16:32:04.917415,2026-06-09 16:32:05.108433,0 days 00:00:00.191018,48.927552340819936,0.3839629299804172,7,COMPLETE,0.03935227892428694
8,-0.07924193409014757,2026-06-09 16:32:05.108521,2026-06-09 16:32:05.258826,0 days 00:00:00.150305,148.47746361371384,3.7183641805732086,4,COMPLETE,0.07924193409014757
9,-0.08104074867144428,2026-06-09 16:32:05.258905,2026-06-09 16:32:05.436304,0 days 00:00:00.177399,182.06981506056835,1.530485212183147,0,COMPLETE,0.08104074867144428
10,-0.07304969529821614,2026-06-09 16:32:05.436385,2026-06-09 16:32:05.651664,0 days 00:00:00.215279,855.5613736838227,1.3112992007873703,0,COMPLETE,0.07304969529821614
11,-0.08149922684738908,2026-06-09 16:32:05.651716,2026-06-09 16:32:05.779874,0 days 00:00:00.128158,155.5393744851735,2.1708641700498124,0,COMPLETE,0.08149922684738908
12,-0.0802703858299686,2026-06-09 16:32:05.780003,2026-06-09 16:32:05.915025,0 days 00:00:00.135022,222.93070965428748,1.62875944133533,0,COMPLETE,0.0802703858299686
13,-0.08109134808267604,2026-06-09 16:32:05.915072,2026-06-09 16:32:06.026217,0 days 00:00:00.111145,98.83445439497011,1.7586159976012807,0,COMPLETE,0.08109134808267604
14,-0.07900032469980223,2026-06-09 16:32:06.026269,2026-06-09 16:32:06.188587,0 days 00:00:00.162318,81.7415192572285,2.8012966873379868,6,COMPLETE,0.07900032469980223
15,-0.07271368068257889,2026-06-09 16:32:06.188630,2026-06-09 16:32:06.381767,0 days 00:00:00.193137,91.58674405451043,0.7148659495423882,6,COMPLETE,0.07271368068257889
16,-0.07774358194347653,2026-06-09 16:32:06.381852,2026-06-09 16:32:06.513736,0 days 00:00:00.131884,334.88329698541907,2.5270113380978634,2,COMPLETE,0.07774358194347653
17,-0.07027101592959784,2026-06-09 16:32:06.513785,2026-06-09 16:32:06.700939,0 days 00:00:00.187154,69.79793024256128,0.8656571071455627,8,COMPLETE,0.07027101592959784
18,-0.0645975231045739,2026-06-09 16:32:06.701032,2026-06-09 16:32:06.776790,0 days 00:00:00.075758,36.58791065670138,8.835821011852232,2,COMPLETE,0.0645975231045739
19,-0.07420638742318841,2026-06-09 16:32:06.776881,2026-06-09 16:32:07.007924,0 days 00:00:00.231043,318.66520413883717,0.7971029206805821,5,COMPLETE,0.07420638742318841
20,-0.0786223899846129,2026-06-09 16:32:07.007975,2026-06-09 16:32:07.110399,0 days 00:00:00.102424,125.38361902050964,3.8458148889564825,1,COMPLETE,0.0786223899846129
21,-0.08090593688263903,2026-06-09 16:32:07.110486,2026-06-09 16:32:07.243935,0 days 00:00:00.133449,194.7544748388995,1.6529359281379064,0,COMPLETE,0.08090593688263903
22,-0.08007431757890004,2026-06-09 16:32:07.243980,2026-06-09 16:32:07.392662,0 days 00:00:00.148682,174.2573833156804,1.1410858285005248,0,COMPLETE,0.08007431757890004
23,-0.08154506139504969,2026-06-09 16:32:07.392712,2026-06-09 16:32:07.511025,0 days 00:00:00.118313,110.91876746828981,2.1225329374546784,2,COMPLETE,0.08154506139504969
24,-0.08147211516868025,2026-06-09 16:32:07.511094,2026-06-09 16:32:07.682918,0 days 00:00:00.171824,96.43696117352542,2.389525370602795,4,COMPLETE,0.08147211516868025
25,-0.07754907845536962,2026-06-09 16:32:07.682972,2026-06-09 16:32:07.859325,0 days 00:00:00.176353,66.1758714691354,2.553924568919666,8,COMPLETE,0.07754907845536962
26,-0.07277416996699715,2026-06-09 16:32:07.859414,2026-06-09 16:32:07.990827,0 days 00:00:00.131413,47.583350469081005,4.972991901047554,4,COMPLETE,0.07277416996699715
27,-0.0800822434406534,2026-06-09 16:32:07.990973,2026-06-09 16:32:08.087815,0 days 00:00:00.096842,83.07511876259632,2.19326084359244,2,COMPLETE,0.0800822434406534
28,-0.07782920644600011,2026-06-09 16:32:08.087863,2026-06-09 16:32:08.285068,0 days 00:00:00.197205,266.64216662977515,3.545022339775853,9,COMPLETE,0.07782920644600011
29,-0.07435657076990365,2026-06-09 16:32:08.285163,2026-06-09 16:32:08.438174,0 days 00:00:00.153011,123.35517924596148,6.442112258166852,18,COMPLETE,0.07435657076990365
30,-0.0730261051687845,2026-06-09 16:32:08.438221,2026-06-09 16:32:08.636117,0 days 00:00:00.197896,109.76192914904362,0.5991538986340588,4,COMPLETE,0.0730261051687845
31,-0.07858001018606564,2026-06-09 16:32:08.636208,2026-06-09 16:32:08.759441,0 days 00:00:00.123233,95.71085041033244,1.0971814899589203,2,COMPLETE,0.07858001018606564
32,-0.08196437625301067,2026-06-09 16:32:08.759537,2026-06-09 16:32:08.892227,0 days 00:00:00.132690,105.89017638416858,1.9917871617175025,3,COMPLETE,0.08196437625301067
33,-0.08135636755557019,2026-06-09 16:32:08.892309,2026-06-09 16:32:09.086190,0 days 00:00:00.193881,135.77924809542876,2.2648930563306826,5,COMPLETE,0.08135636755557019
34,-0.07705879051528819,2026-06-09 16:32:09.086290,2026-06-09 16:32:09.233954,0 days 00:00:00.147664,160.09937102716447,4.639791323901224,3,COMPLETE,0.07705879051528819
35,-0.07881787496094195,2026-06-09 16:32:09.234046,2026-06-09 16:32:09.405213,0 days 00:00:00.171167,68.60734095045557,3.254450980442488,15,COMPLETE,0.07881787496094195
36,-0.08208523846818871,2026-06-09 16:32:09.405303,2026-06-09 16:32:09.566170,0 days 00:00:00.160867,109.57763301730384,1.875977462385488,3,COMPLETE,0.08208523846818871
37,-0.0702250807953293,2026-06-09 16:32:09.566251,2026-06-09 16:32:09.703595,0 days 00:00:00.137344,491.60215790687533,6.2603200091953255,3,COMPLETE,0.0702250807953293
38,-0.047386818559747024,2026-06-09 16:32:09.703646,2026-06-09 16:32:10.033299,0 days 00:00:00.329653,237.96094905888464,0.1407049149101859,1,COMPLETE,0.047386818559747024
39,-0.07342988111747906,2026-06-09 16:32:10.033390,2026-06-09 16:32:10.233201,0 days 00:00:00.199811,46.17067497277999,1.8626966314072346,6,COMPLETE,0.07342988111747906
40,-0.07972549954243524,2026-06-09 16:32:10.233250,2026-06-09 16:32:10.354399,0 days 00:00:00.121149,115.80088200732148,1.085512366230256,1,COMPLETE,0.07972549954243524
41,-0.08043886606271278,2026-06-09 16:32:10.354450,2026-06-09 16:32:10.491254,0 days 00:00:00.136804,79.99113300114392,1.9680764029721376,4,COMPLETE,0.08043886606271278
42,-0.08178809428778,2026-06-09 16:32:10.491341,2026-06-09 16:32:10.664915,0 days 00:00:00.173574,152.00413247990429,1.3855321958438416,3,COMPLETE,0.08178809428778
43,-0.07194439637851135,2026-06-09 16:32:10.664967,2026-06-09 16:32:10.909094,0 days 00:00:00.244127,214.3182223592077,0.5194647799703169,3,COMPLETE,0.07194439637851135
44,-0.08073989239320112,2026-06-09 16:32:10.909148,2026-06-09 16:32:11.095768,0 days 00:00:00.186620,152.88692730220197,1.2790257573052135,5,COMPLETE,0.08073989239320112
45,-0.08076348351709373,2026-06-09 16:32:11.095815,2026-06-09 16:32:11.222622,0 days 00:00:00.126807,108.65676847465427,1.3572193900475653,1,COMPLETE,0.08076348351709373
46,-0.0775903348931044,2026-06-09 16:32:11.222719,2026-06-09 16:32:11.344498,0 days 00:00:00.121779,276.8583766840405,3.270519307096197,2,COMPLETE,0.0775903348931044
47,-0.0819762591173997,2026-06-09 16:32:11.344550,2026-06-09 16:32:11.510992,0 days 00:00:00.166442,149.0625308996361,1.4601050508269748,3,COMPLETE,0.0819762591173997
48,-0.0678483149540422,2026-06-09 16:32:11.511036,2026-06-09 16:32:11.690229,0 days 00:00:00.179193,60.04329838406398,0.913345155759385,7,COMPLETE,0.0678483149540422
49,-0.08205486701310671,2026-06-09 16:32:11.690273,2026-06-09 16:32:11.856496,0 days 00:00:00.166223,137.88957493398104,1.4735657499654682,3,COMPLETE,0.08205486701310671
50,-0.08174152950403257,2026-06-09 16:32:11.856538,2026-06-09 16:32:12.014055,0 days 00:00:00.157517,173.50752194079587,1.5255438297936021,3,COMPLETE,0.08174152950403257
51,-0.08212088461161882,2026-06-09 16:32:12.014102,2026-06-09 16:32:12.170270,0 days 00:00:00.156168,143.23937636537661,1.5226775221829718,3,COMPLETE,0.08212088461161882
52,-0.08118528955747983,2026-06-09 16:32:12.170341,2026-06-09 16:32:12.365466,0 days 00:00:00.195125,139.61272710882895,1.404810429534566,5,COMPLETE,0.08118528955747983
53,-0.0794653271057093,2026-06-09 16:32:12.365516,2026-06-09 16:32:12.547615,0 days 00:00:00.182099,130.19876700190673,0.9492219037526833,4,COMPLETE,0.0794653271057093
54,-0.07344649060920982,2026-06-09 16:32:12.547705,2026-06-09 16:32:12.771837,0 days 00:00:00.224132,154.08087703905838,0.5914260385234512,6,COMPLETE,0.07344649060920982
55,-0.0803226556958565,2026-06-09 16:32:12.771891,2026-06-09 16:32:12.923976,0 days 00:00:00.152085,193.39555776962075,2.8790484351747834,3,COMPLETE,0.0803226556958565
56,-0.0806157241358808,2026-06-09 16:32:12.924023,2026-06-09 16:32:13.113210,0 days 00:00:00.189187,199.3714359886861,1.6562862388396007,5,COMPLETE,0.0806157241358808
57,-0.07747992821924943,2026-06-09 16:32:13.113257,2026-06-09 16:32:13.312675,0 days 00:00:00.199418,84.60610761177598,1.2175680467967045,7,COMPLETE,0.07747992821924943
58,-0.07654508477897337,2026-06-09 16:32:13.312771,2026-06-09 16:32:13.528131,0 days 00:00:00.215360,167.84157758892223,0.731909494424248,1,COMPLETE,0.07654508477897337
59,-0.061738101847310656,2026-06-09 16:32:13.528185,2026-06-09 16:32:13.729045,0 days 00:00:00.200860,138.1069545386626,0.28442616625166894,2,COMPLETE,0.061738101847310656
60,-0.07351251243808399,2026-06-09 16:32:13.729091,2026-06-09 16:32:14.009691,0 days 00:00:00.280600,820.5366614609565,1.8845256755264685,10,COMPLETE,0.07351251243808399
61,-0.08180992653387398,2026-06-09 16:32:14.009737,2026-06-09 16:32:14.187050,0 days 00:00:00.177313,177.73369787526374,1.6820175830914115,3,COMPLETE,0.08180992653387398
62,-0.07873419678738458,2026-06-09 16:32:14.187137,2026-06-09 16:32:14.354528,0 days 00:00:00.167391,102.6816058618167,0.9855053746796442,3,COMPLETE,0.07873419678738458
63,-0.08219264742536025,2026-06-09 16:32:14.354620,2026-06-09 16:32:14.516551,0 days 00:00:00.161931,120.76545142112145,1.5651735374699844,4,COMPLETE,0.08219264742536025
64,-0.08229600980377116,2026-06-09 16:32:14.516695,2026-06-09 16:32:14.668766,0 days 00:00:00.152071,118.7580335493684,1.6704555231754532,4,COMPLETE,0.08229600980377116
65,-0.08141024809524233,2026-06-09 16:32:14.668901,2026-06-09 16:32:14.812523,0 days 00:00:00.143622,122.28112695195477,2.7739962360601758,4,COMPLETE,0.08141024809524233
66,-0.07654911363165673,2026-06-09 16:32:14.812575,2026-06-09 16:32:14.967470,0 days 00:00:00.154895,85.9286439636041,4.202450674101635,5,COMPLETE,0.07654911363165673
67,-0.07918345832677243,2026-06-09 16:32:14.967519,2026-06-09 16:32:15.128978,0 days 00:00:00.161459,78.02744935223446,2.017451727219949,6,COMPLETE,0.07918345832677243
68,-0.07968570911316653,2026-06-09 16:32:15.129026,2026-06-09 16:32:15.291214,0 days 00:00:00.162188,98.87313355146145,1.1410395868994014,4,COMPLETE,0.07968570911316653
69,-0.08132494948438151,2026-06-09 16:32:15.291304,2026-06-09 16:32:15.438586,0 days 00:00:00.147282,114.12269993643908,1.4984048152478606,1,COMPLETE,0.08132494948438151
70,-0.07882035491594053,2026-06-09 16:32:15.438631,2026-06-09 16:32:15.553058,0 days 00:00:00.114427,72.44089824244153,2.570568425726411,2,COMPLETE,0.07882035491594053
71,-0.08176534380679168,2026-06-09 16:32:15.553150,2026-06-09 16:32:15.830241,0 days 00:00:00.277091,181.87310984601336,1.8023338524988004,3,COMPLETE,0.08176534380679168
72,-0.08234197524661813,2026-06-09 16:32:15.830339,2026-06-09 16:32:16.033118,0 days 00:00:00.202779,140.07329297177412,1.667534616826143,4,COMPLETE,0.08234197524661813
73,-0.08150046424227286,2026-06-09 16:32:16.033251,2026-06-09 16:32:16.233931,0 days 00:00:00.200680,133.89557183201242,2.1370763463860247,5,COMPLETE,0.08150046424227286
74,-0.08079204251719974,2026-06-09 16:32:16.233982,2026-06-09 16:32:16.375848,0 days 00:00:00.141866,90.32055734535575,1.5449952365746875,4,COMPLETE,0.08079204251719974
75,-0.0770436524950956,2026-06-09 16:32:16.375894,2026-06-09 16:32:16.603326,0 days 00:00:00.227432,124.13997632428331,0.8186513719473265,6,COMPLETE,0.0770436524950956
76,-0.0787390250274691,2026-06-09 16:32:16.603377,2026-06-09 16:32:16.736093,0 days 00:00:00.132716,104.84027374783585,1.025128355175224,2,COMPLETE,0.0787390250274691
77,-0.0812707955245906,2026-06-09 16:32:16.736137,2026-06-09 16:32:16.914781,0 days 00:00:00.178644,144.1736514682094,1.2146202494889953,4,COMPLETE,0.0812707955245906
78,-0.08101815586389904,2026-06-09 16:32:16.914829,2026-06-09 16:32:17.093545,0 days 00:00:00.178716,115.31880646624475,2.4726436227425985,5,COMPLETE,0.08101815586389904
79,-0.08009979224084063,2026-06-09 16:32:17.093633,2026-06-09 16:32:17.303912,0 days 00:00:00.210279,208.34506727308275,1.827153625319795,7,COMPLETE,0.08009979224084063
80,-0.07901307737606511,2026-06-09 16:32:17.303963,2026-06-09 16:32:17.442643,0 days 00:00:00.138680,229.45374863735526,3.1120120931622033,4,COMPLETE,0.07901307737606511
81,-0.08210478315634773,2026-06-09 16:32:17.442688,2026-06-09 16:32:17.621198,0 days 00:00:00.178510,161.0300963179262,1.7124057037076037,3,COMPLETE,0.08210478315634773
82,-0.0809537262792962,2026-06-09 16:32:17.621293,2026-06-09 16:32:17.758362,0 days 00:00:00.137069,162.81416373300326,1.3256366576915557,2,COMPLETE,0.0809537262792962
83,-0.082953488861927,2026-06-09 16:32:17.758449,2026-06-09 16:32:17.935400,0 days 00:00:00.176951,124.88118587450441,2.2328415489389886,20,COMPLETE,0.082953488861927
84,-0.08275137753857087,2026-06-09 16:32:17.935541,2026-06-09 16:32:18.138432,0 days 00:00:00.202891,144.95213531859886,2.2309044519334336,14,COMPLETE,0.08275137753857087
85,-0.08346993387300738,2026-06-09 16:32:18.138530,2026-06-09 16:32:18.346969,0 days 00:00:00.208439,122.05431912014485,2.3377615809977637,19,COMPLETE,0.08346993387300738
86,-0.08272537235123711,2026-06-09 16:32:18.347055,2026-06-09 16:32:18.535446,0 days 00:00:00.188391,125.05400070088837,2.4312303150185746,20,COMPLETE,0.08272537235123711
87,-0.08281554186636209,2026-06-09 16:32:18.535539,2026-06-09 16:32:18.711484,0 days 00:00:00.175945,129.11406361446154,2.36243383867979,20,COMPLETE,0.08281554186636209
88,-0.0828568869379448,2026-06-09 16:32:18.711536,2026-06-09 16:32:18.868827,0 days 00:00:00.157291,119.76171481716591,2.302655319829587,20,COMPLETE,0.0828568869379448
89,-0.07942964451140411,2026-06-09 16:32:18.868873,2026-06-09 16:32:19.010006,0 days 00:00:00.141133,92.43971441887645,3.739727364502626,20,COMPLETE,0.07942964451140411
90,-0.08347796865747992,2026-06-09 16:32:19.010053,2026-06-09 16:32:19.178103,0 days 00:00:00.168050,122.25581081979685,2.3327331567059137,19,COMPLETE,0.08347796865747992
91,-0.08346083986287955,2026-06-09 16:32:19.178176,2026-06-09 16:32:19.356448,0 days 00:00:00.178272,124.64334002594094,2.3531809895224343,19,COMPLETE,0.08346083986287955
92,-0.08345688875736113,2026-06-09 16:32:19.356543,2026-06-09 16:32:19.532210,0 days 00:00:00.175667,127.88795428547964,2.360546248863891,19,COMPLETE,0.08345688875736113
93,-0.07501811819458604,2026-06-09 16:32:19.532303,2026-06-09 16:32:19.694814,0 days 00:00:00.162511,30.43113861537292,2.3575293487605284,19,COMPLETE,0.07501811819458604
94,-0.08255069126725978,2026-06-09 16:32:19.694865,2026-06-09 16:32:19.874893,0 days 00:00:00.180028,133.7120141697945,2.8605563346934697,17,COMPLETE,0.08255069126725978
95,-0.08260467182732256,2026-06-09 16:32:19.874946,2026-06-09 16:32:20.032883,0 days 00:00:00.157937,129.1079609383935,2.839550543994405,17,COMPLETE,0.08260467182732256
96,-0.08152189250989095,2026-06-09 16:32:20.032931,2026-06-09 16:32:20.204131,0 days 00:00:00.171200,125.26624044024841,3.4020532671093817,19,COMPLETE,0.08152189250989095
97,-0.07915770319340798,2026-06-09 16:32:20.204177,2026-06-09 16:32:20.357758,0 days 00:00:00.153581,102.22451264141297,4.244138373205829,19,COMPLETE,0.07915770319340798
98,-0.08222453807766938,2026-06-09 16:32:20.357804,2026-06-09 16:32:20.539574,0 days 00:00:00.181770,93.37568194316496,2.6361562739368134,17,COMPLETE,0.08222453807766938
99,-0.08207978051522524,2026-06-09 16:32:20.539668,2026-06-09 16:32:20.713471,0 days 00:00:00.173803,110.34261136687078,3.025104397456764,18,COMPLETE,0.08207978051522524
100,-0.08193383671114851,2026-06-09 16:32:20.713521,2026-06-09 16:32:20.896413,0 days 00:00:00.182892,190.59348717648191,2.2724900544949214,20,COMPLETE,0.08193383671114851
101,-0.08228462938984493,2026-06-09 16:32:20.896459,2026-06-09 16:32:21.092575,0 days 00:00:00.196116,131.89210739259659,2.8593881201187905,16,COMPLETE,0.08228462938984493
102,-0.08373682472978583,2026-06-09 16:32:21.092627,2026-06-09 16:32:21.305458,0 days 00:00:00.212831,128.34919027247395,2.128764368008721,18,COMPLETE,0.08373682472978583
103,-0.08356820246715291,2026-06-09 16:32:21.305624,2026-06-09 16:32:21.514439,0 days 00:00:00.208815,146.9944008810662,2.161165696963584,18,COMPLETE,0.08356820246715291
104,-0.0835846484277909,2026-06-09 16:32:21.514487,2026-06-09 16:32:21.697206,0 days 00:00:00.182719,150.66488720674613,2.0843994432310686,18,COMPLETE,0.0835846484277909
105,-0.08281794897107664,2026-06-09 16:32:21.697301,2026-06-09 16:32:21.885299,0 days 00:00:00.187998,151.29671333538042,2.126278856905346,13,COMPLETE,0.08281794897107664
106,-0.08335832037324231,2026-06-09 16:32:21.885394,2026-06-09 16:32:22.070246,0 days 00:00:00.184852,165.27403063740712,2.061213987589927,18,COMPLETE,0.08335832037324231
107,-0.08337310710050105,2026-06-09 16:32:22.070296,2026-06-09 16:32:22.255598,0 days 00:00:00.185302,165.0437757528301,2.0465106726599505,18,COMPLETE,0.08337310710050105
108,-0.08337913017723275,2026-06-09 16:32:22.255686,2026-06-09 16:32:22.466002,0 days 00:00:00.210316,165.99964316763885,2.0095960034748575,18,COMPLETE,0.08337913017723275
109,-0.08322456473551121,2026-06-09 16:32:22.466098,2026-06-09 16:32:22.663027,0 days 00:00:00.196929,174.32878124902018,1.989791931355738,18,COMPLETE,0.08322456473551121
110,-0.08151755955865148,2026-06-09 16:32:22.663081,2026-06-09 16:32:22.859475,0 days 00:00:00.196394,248.7890507050851,1.857172282432469,18,COMPLETE,0.08151755955865148
111,-0.08315150457656817,2026-06-09 16:32:22.859519,2026-06-09 16:32:23.041670,0 days 00:00:00.182151,176.73605112107566,2.0278845137889094,18,COMPLETE,0.08315150457656817
112,-0.08337326382631893,2026-06-09 16:32:23.041713,2026-06-09 16:32:23.245215,0 days 00:00:00.203502,167.3997218467977,1.967197405578604,18,COMPLETE,0.08337326382631893
113,-0.08331995082671406,2026-06-09 16:32:23.245263,2026-06-09 16:32:23.442187,0 days 00:00:00.196924,165.72269537778212,1.9819168658331985,19,COMPLETE,0.08331995082671406
114,-0.08167578941524367,2026-06-09 16:32:23.442279,2026-06-09 16:32:23.620975,0 days 00:00:00.178696,213.97565970499303,2.6262795930926766,19,COMPLETE,0.08167578941524367
115,-0.0809419198266853,2026-06-09 16:32:23.621027,2026-06-09 16:32:23.800593,0 days 00:00:00.179566,166.68607019231277,3.3466589397645783,16,COMPLETE,0.0809419198266853
116,-0.08273377018503636,2026-06-09 16:32:23.800639,2026-06-09 16:32:23.993450,0 days 00:00:00.192811,190.4658243496138,2.090168820028062,19,COMPLETE,0.08273377018503636
117,-0.0826916409927686,2026-06-09 16:32:23.993539,2026-06-09 16:32:24.185902,0 days 00:00:00.192363,160.33766911801047,2.6250158774379613,17,COMPLETE,0.0826916409927686
118,-0.08218269712317561,2026-06-09 16:32:24.185995,2026-06-09 16:32:24.393655,0 days 00:00:00.207660,198.413792729063,1.9081118247635773,16,COMPLETE,0.08218269712317561
119,-0.08367485327242019,2026-06-09 16:32:24.393746,2026-06-09 16:32:24.613812,0 days 00:00:00.220066,152.71371126942276,1.8223952139309711,18,COMPLETE,0.08367485327242019
120,-0.08204847245094071,2026-06-09 16:32:24.613902,2026-06-09 16:32:24.774455,0 days 00:00:00.160553,150.25544987123791,3.0635849392344685,18,COMPLETE,0.08204847245094071
121,-0.08349935244079099,2026-06-09 16:32:24.774502,2026-06-09 16:32:24.947527,0 days 00:00:00.173025,156.9555165289051,1.8096018912234941,19,COMPLETE,0.08349935244079099
122,-0.08363865619840449,2026-06-09 16:32:24.947650,2026-06-09 16:32:25.146761,0 days 00:00:00.199111,154.78347208510576,1.7677689860708212,18,COMPLETE,0.08363865619840449
123,-0.08365611699136799,2026-06-09 16:32:25.146809,2026-06-09 16:32:25.351170,0 days 00:00:00.204361,150.71019002482709,1.7480284912218647,17,COMPLETE,0.08365611699136799
124,-0.08373717105191769,2026-06-09 16:32:25.351219,2026-06-09 16:32:25.551447,0 days 00:00:00.200228,144.68116432931018,1.7463412685570523,17,COMPLETE,0.08373717105191769
125,-0.08375310959786986,2026-06-09 16:32:25.551521,2026-06-09 16:32:25.740789,0 days 00:00:00.189268,143.9338705999339,1.7960842379781135,17,COMPLETE,0.08375310959786986
126,-0.08369421468135052,2026-06-09 16:32:25.740867,2026-06-09 16:32:25.921327,0 days 00:00:00.180460,147.1472599048887,1.7085993778158621,17,COMPLETE,0.08369421468135052
127,-0.08327130892671175,2026-06-09 16:32:25.921374,2026-06-09 16:32:26.134426,0 days 00:00:00.213052,140.8307892600109,1.3664811207564826,17,COMPLETE,0.08327130892671175
