number,value,datetime_start,datetime_complete,duration,params_half_life_days,params_l2_lambda,params_threshold,state,r2
128,-0.08323761748876568,2026-06-09 16:32:26.134473,2026-06-09 16:32:26.293426,0 days 00:00:00.158953,147.9851976865019,1.7639379696329927,16,COMPLETE,0.08323761748876568
129,-0.08288226287891909,2026-06-09 16:32:26.293478,2026-06-09 16:32:26.487528,0 days 00:00:00.194050,184.15142208814962,1.5923623075277331,17,COMPLETE,0.08288226287891909
130,-0.08264911422498511,2026-06-09 16:32:26.487572,2026-06-09 16:32:26.682132,0 days 00:00:00.194560,153.08540355710443,1.444146571768176,15,COMPLETE,0.08264911422498511
131,-0.08364623622768874,2026-06-09 16:32:26.682178,2026-06-09 16:32:26.845385,0 days 00:00:00.163207,113.48951224491289,1.7550316091295712,19,COMPLETE,0.08364623622768874
132,-0.08259954782456091,2026-06-09 16:32:26.845476,2026-06-09 16:32:27.033121,0 days 00:00:00.187645,115.62581839389422,1.2187310292751912,17,COMPLETE,0.08259954782456091
133,-0.08371041013798097,2026-06-09 16:32:27.033167,2026-06-09 16:32:27.204947,0 days 00:00:00.171780,140.58180118265935,1.741224651621205,19,COMPLETE,0.08371041013798097
134,-0.08372925830909217,2026-06-09 16:32:27.205042,2026-06-09 16:32:27.401842,0 days 00:00:00.196800,137.53746289604737,1.7298242343870163,19,COMPLETE,0.08372925830909217
135,-0.08334201757487414,2026-06-09 16:32:27.401933,2026-06-09 16:32:27.597940,0 days 00:00:00.196007,137.9193982881962,1.727101616095572,16,COMPLETE,0.08334201757487414
136,-0.08360534390530727,2026-06-09 16:32:27.597989,2026-06-09 16:32:27.823853,0 days 00:00:00.225864,147.06951511599507,1.5928089057737553,17,COMPLETE,0.08360534390530727
137,-0.08362619650425918,2026-06-09 16:32:27.823942,2026-06-09 16:32:28.002840,0 days 00:00:00.178898,145.46007909520955,1.5932775797655294,17,COMPLETE,0.08362619650425918
138,-0.082533184026367,2026-06-09 16:32:28.002936,2026-06-09 16:32:28.227766,0 days 00:00:00.224830,145.45925485516466,1.357805895785162,15,COMPLETE,0.082533184026367
139,-0.08373777378052816,2026-06-09 16:32:28.227817,2026-06-09 16:32:28.467184,0 days 00:00:00.239367,137.55533372373372,1.6258085966193425,17,COMPLETE,0.08373777378052816
140,-0.08361778744724657,2026-06-09 16:32:28.467276,2026-06-09 16:32:28.667099,0 days 00:00:00.199823,134.8028928014789,1.511398787386978,17,COMPLETE,0.08361778744724657
141,-0.08371714251185314,2026-06-09 16:32:28.667190,2026-06-09 16:32:28.869456,0 days 00:00:00.202266,138.51113693829373,1.6071374606666713,17,COMPLETE,0.08371714251185314
142,-0.08351879261003725,2026-06-09 16:32:28.869507,2026-06-09 16:32:29.078155,0 days 00:00:00.208648,110.53419881149973,1.599742666478764,17,COMPLETE,0.08351879261003725
143,-0.082578641985104,2026-06-09 16:32:29.078243,2026-06-09 16:32:29.268251,0 days 00:00:00.190008,132.96206444032464,1.3028473578341297,16,COMPLETE,0.082578641985104
144,-0.08209922461909347,2026-06-09 16:32:29.268301,2026-06-09 16:32:29.466522,0 days 00:00:00.198221,136.2843471266696,1.084631451962345,17,COMPLETE,0.08209922461909347
145,-0.08314550816902277,2026-06-09 16:32:29.466573,2026-06-09 16:32:29.647250,0 days 00:00:00.180677,106.09681140393018,1.4724473263351852,17,COMPLETE,0.08314550816902277
146,-0.07718623184457907,2026-06-09 16:32:29.647340,2026-06-09 16:32:29.861453,0 days 00:00:00.214113,442.538664394951,1.609963454186142,16,COMPLETE,0.07718623184457907
147,-0.08274142488693914,2026-06-09 16:32:29.861550,2026-06-09 16:32:30.057285,0 days 00:00:00.195735,135.49021640170346,1.207036317161125,17,COMPLETE,0.08274142488693914
148,-0.08284378051536156,2026-06-09 16:32:30.057377,2026-06-09 16:32:30.234211,0 days 00:00:00.176834,116.72782823530635,1.4766151516027215,15,COMPLETE,0.08284378051536156
149,-0.08308281989515232,2026-06-09 16:32:30.234304,2026-06-09 16:32:30.430553,0 days 00:00:00.196249,179.543321148853,1.7386101226343313,17,COMPLETE,0.08308281989515232
