number,value,datetime_start,datetime_complete,duration,params_half_life_days,params_l2_lambda,params_threshold,state,r2
0,-0.025029968712796058,2026-06-12 23:48:48.446275,2026-06-12 23:48:49.159968,0 days 00:00:00.713693,111.5579284069578,7.969454818643932,15,COMPLETE,0.025029968712796058
1,-0.02137583706495838,2026-06-12 23:48:49.160052,2026-06-12 23:48:50.918563,0 days 00:00:01.758511,244.79668704186594,0.20513382630874502,3,COMPLETE,0.02137583706495838
2,-0.010160729294544923,2026-06-12 23:48:50.918752,2026-06-12 23:48:51.562015,0 days 00:00:00.643263,36.77693677430325,5.3994844097874335,12,COMPLETE,0.010160729294544923
3,-0.0036617737263019423,2026-06-12 23:48:51.562068,2026-06-12 23:48:54.353417,0 days 00:00:02.791349,359.27742843713463,0.10994335574766201,20,COMPLETE,0.0036617737263019423
4,-0.020948055407968513,2026-06-12 23:48:54.353536,2026-06-12 23:49:33.694711,0 days 00:00:39.341175,555.6872843629607,0.26587543983272705,3,COMPLETE,0.020948055407968513
5,-0.0179326120166291,2026-06-12 23:49:33.694812,2026-06-12 23:49:51.462492,0 days 00:00:17.767680,57.07213043685121,0.4059611610484306,11,COMPLETE,0.0179326120166291
6,-0.027156265335453122,2026-06-12 23:49:51.462544,2026-06-12 23:50:15.887797,0 days 00:00:24.425253,136.43353841454115,0.38234752246751863,12,COMPLETE,0.027156265335453122
7,-0.01582821674613155,2026-06-12 23:50:15.887918,2026-06-12 23:50:32.126472,0 days 00:00:16.238554,48.927552340819936,0.3839629299804172,7,COMPLETE,0.01582821674613155
8,-0.03310761288540176,2026-06-12 23:50:32.126526,2026-06-12 23:50:39.451976,0 days 00:00:07.325450,148.47746361371384,3.7183641805732086,4,COMPLETE,0.03310761288540176
9,-0.03770770668079304,2026-06-12 23:50:39.452046,2026-06-12 23:50:52.183589,0 days 00:00:12.731543,182.06981506056835,1.530485212183147,0,COMPLETE,0.03770770668079304
10,-0.03814103244548228,2026-06-12 23:50:52.183701,2026-06-12 23:51:11.999331,0 days 00:00:19.815630,855.5613736838227,1.3112992007873703,0,COMPLETE,0.03814103244548228
11,-0.038586120221122955,2026-06-12 23:51:11.999404,2026-06-12 23:51:31.874241,0 days 00:00:19.874837,788.6538011086226,1.4102131607889323,0,COMPLETE,0.038586120221122955
12,-0.03749050021892286,2026-06-12 23:51:31.874308,2026-06-12 23:51:53.061783,0 days 00:00:21.187475,950.0193253345249,1.1981678050611488,0,COMPLETE,0.03749050021892286
13,-0.03762859082131331,2026-06-12 23:51:53.061836,2026-06-12 23:52:14.555816,0 days 00:00:21.493980,990.3327915678841,1.2330596011102302,0,COMPLETE,0.03762859082131331
14,-0.038677509305585334,2026-06-12 23:52:14.555870,2026-06-12 23:52:28.345078,0 days 00:00:13.789208,508.6217591085819,2.5628966520895156,6,COMPLETE,0.038677509305585334
15,-0.03864192278354617,2026-06-12 23:52:28.345147,2026-06-12 23:52:41.475496,0 days 00:00:13.130349,472.2998585053038,2.5571307266602687,7,COMPLETE,0.03864192278354617
16,-0.038516601400850226,2026-06-12 23:52:41.475552,2026-06-12 23:52:53.886291,0 days 00:00:12.410739,446.92940825914553,2.797526465701831,7,COMPLETE,0.038516601400850226
17,-0.037743807549816766,2026-06-12 23:52:53.886395,2026-06-12 23:53:05.429465,0 days 00:00:11.543070,285.1820294829757,2.8450023924678356,7,COMPLETE,0.037743807549816766
18,-0.03201632116092734,2026-06-12 23:53:05.429563,2026-06-12 23:53:30.995914,0 days 00:00:25.566351,531.1297466480077,0.7010478624133053,9,COMPLETE,0.03201632116092734
19,-0.03364006038102729,2026-06-12 23:53:30.996014,2026-06-12 23:53:38.593938,0 days 00:00:07.597924,589.899011359315,8.72236296269911,5,COMPLETE,0.03364006038102729
20,-0.03806382391854901,2026-06-12 23:53:38.594037,2026-06-12 23:53:51.213530,0 days 00:00:12.619493,328.7217844826225,2.3900845605080314,17,COMPLETE,0.03806382391854901
21,-0.038343954131925706,2026-06-12 23:53:51.213588,2026-06-12 23:54:08.423645,0 days 00:00:17.210057,682.8525935061225,1.911195037389574,9,COMPLETE,0.038343954131925706
22,-0.03550994938922736,2026-06-12 23:54:08.423703,2026-06-12 23:54:32.243871,0 days 00:00:23.820168,409.23154368738517,0.7844063504514119,5,COMPLETE,0.03550994938922736
23,-0.038602971585055434,2026-06-12 23:54:32.243924,2026-06-12 23:54:42.887951,0 days 00:00:10.644027,655.6417605245888,4.546685721251377,2,COMPLETE,0.038602971585055434
24,-0.03584985896366921,2026-06-12 23:54:42.888047,2026-06-12 23:54:51.226806,0 days 00:00:08.338759,222.93570155925474,4.609409309221347,2,COMPLETE,0.03584985896366921
25,-0.03544955371770808,2026-06-12 23:54:51.226862,2026-06-12 23:54:59.623890,0 days 00:00:08.397028,460.2495551945511,6.174944904781885,6,COMPLETE,0.03544955371770808
26,-0.03823425451825124,2026-06-12 23:54:59.623987,2026-06-12 23:55:11.857871,0 days 00:00:12.233884,647.6007714149966,3.6481886534566637,9,COMPLETE,0.03823425451825124
27,-0.03934492765032782,2026-06-12 23:55:11.857976,2026-06-12 23:55:25.469506,0 days 00:00:13.611530,291.12719034796,2.19326084359244,3,COMPLETE,0.03934492765032782
28,-0.029821763066704587,2026-06-12 23:55:25.469620,2026-06-12 23:55:39.864236,0 days 00:00:14.394616,92.09761809299717,0.8519546907154052,10,COMPLETE,0.029821763066704587
29,-0.03816411131872066,2026-06-12 23:55:39.864293,2026-06-12 23:55:53.367336,0 days 00:00:13.503043,282.85679563230804,2.0667115198712036,14,COMPLETE,0.03816411131872066
30,-0.02263800364127333,2026-06-12 23:55:53.367392,2026-06-12 23:55:57.976490,0 days 00:00:04.609098,89.17919923127963,7.699636651815961,8,COMPLETE,0.02263800364127333
31,-0.0386591461603919,2026-06-12 23:55:57.976603,2026-06-12 23:56:08.982312,0 days 00:00:11.005709,373.04313349185946,3.7916295853301842,2,COMPLETE,0.0386591461603919
32,-0.037723420817693976,2026-06-12 23:56:08.982411,2026-06-12 23:56:19.619982,0 days 00:00:10.637571,221.89953869875504,3.176337151950794,2,COMPLETE,0.037723420817693976
33,-0.03881854196947743,2026-06-12 23:56:19.620081,2026-06-12 23:56:35.777490,0 days 00:00:16.157409,364.3189490307863,1.750841902977499,4,COMPLETE,0.03881854196947743
34,-0.03864702432018097,2026-06-12 23:56:35.777587,2026-06-12 23:56:52.259376,0 days 00:00:16.481789,324.22245484054235,1.6794465273318822,4,COMPLETE,0.03864702432018097
35,-0.033430245256515834,2026-06-12 23:56:52.260633,2026-06-12 23:56:59.307389,0 days 00:00:07.046756,252.07134062729716,6.673971301282153,3,COMPLETE,0.033430245256515834
36,-0.03674836521993696,2026-06-12 23:56:59.307444,2026-06-12 23:57:20.572885,0 days 00:00:21.265441,377.2133300561531,0.924053875737214,5,COMPLETE,0.03674836521993696
37,-0.03409527421400682,2026-06-12 23:57:20.572938,2026-06-12 23:57:43.536600,0 days 00:00:22.963662,184.90116854008335,0.574012201868321,3,COMPLETE,0.03409527421400682
38,-0.012171550611247861,2026-06-12 23:57:43.536654,2026-06-12 23:58:38.396354,0 days 00:00:54.859700,333.88590863941926,0.1407049149101859,2,COMPLETE,0.012171550611247861
39,-0.0333861483891279,2026-06-12 23:58:38.396412,2026-06-12 23:58:46.377427,0 days 00:00:07.981015,178.20743507448432,4.51682919150851,4,COMPLETE,0.0333861483891279
40,-0.03863707246246728,2026-06-12 23:58:46.377490,2026-06-12 23:59:01.836229,0 days 00:00:15.458739,528.4904291243673,2.089800585881668,6,COMPLETE,0.03863707246246728
41,-0.03859887050025357,2026-06-12 23:59:01.836329,2026-06-12 23:59:17.135402,0 days 00:00:15.299073,308.4006477704916,1.7392432747935773,4,COMPLETE,0.03859887050025357
42,-0.039496322494863456,2026-06-12 23:59:17.135460,2026-06-12 23:59:33.113418,0 days 00:00:15.977958,406.00999263948296,1.6900997808347014,1,COMPLETE,0.039496322494863456
43,-0.038056841201525304,2026-06-12 23:59:33.113488,2026-06-12 23:59:51.601179,0 days 00:00:18.487691,393.2501583180964,1.1579535991588454,1,COMPLETE,0.038056841201525304
44,-0.03796474869200395,2026-06-12 23:59:51.601282,2026-06-13 00:00:01.163853,0 days 00:00:09.562571,266.40516419135594,3.5025808658094917,1,COMPLETE,0.03796474869200395
45,-0.039704401126924305,2026-06-13 00:00:01.163907,2026-06-13 00:00:13.894325,0 days 00:00:12.730418,391.9282529861582,2.450141062305351,1,COMPLETE,0.039704401126924305
46,-0.038789039219461974,2026-06-13 00:00:13.894443,2026-06-13 00:00:31.847979,0 days 00:00:17.953536,788.4378312756835,1.469285313226785,1,COMPLETE,0.038789039219461974
47,-0.03718456325586328,2026-06-13 00:00:31.848033,2026-06-13 00:00:52.633956,0 days 00:00:20.785923,788.7679200060941,1.1155785582803905,1,COMPLETE,0.03718456325586328
48,-0.03816856051205553,2026-06-13 00:00:52.634049,2026-06-13 00:01:07.196284,0 days 00:00:14.562235,207.39774912338552,1.4719596656058167,1,COMPLETE,0.03816856051205553
49,-0.04003255759764346,2026-06-13 00:01:07.196418,2026-06-13 00:01:22.842143,0 days 00:00:15.645725,750.5999689443812,2.2210258610579214,3,COMPLETE,0.04003255759764346
50,-0.036390996719801394,2026-06-13 00:01:22.842223,2026-06-13 00:01:38.313520,0 days 00:00:15.471297,152.9732848243013,1.0522276551835819,3,COMPLETE,0.036390996719801394
51,-0.040030406648764894,2026-06-13 00:01:38.313618,2026-06-13 00:01:54.185474,0 days 00:00:15.871856,774.311330441267,2.224128287416925,3,COMPLETE,0.040030406648764894
52,-0.011218798649404449,2026-06-13 00:01:54.185570,2026-06-13 00:02:00.499567,0 days 00:00:06.313997,34.262712195622484,2.1409354702586567,3,COMPLETE,0.011218798649404449
53,-0.039372186203000425,2026-06-13 00:02:00.499623,2026-06-13 00:02:15.652850,0 days 00:00:15.153227,889.6711002301267,2.4187367830800057,5,COMPLETE,0.039372186203000425
54,-0.03936777039642725,2026-06-13 00:02:15.652956,2026-06-13 00:02:31.150939,0 days 00:00:15.497983,885.5666960434908,2.318854513070421,5,COMPLETE,0.03936777039642725
55,-0.03918092462312961,2026-06-13 00:02:31.151041,2026-06-13 00:02:44.808774,0 days 00:00:13.657733,929.6014084606538,3.025990134986072,5,COMPLETE,0.03918092462312961
56,-0.03873746999593042,2026-06-13 00:02:44.808886,2026-06-13 00:02:58.823988,0 days 00:00:14.015102,807.0393972043637,2.6666682663977506,6,COMPLETE,0.03873746999593042
57,-0.037817050267771046,2026-06-13 00:02:58.824108,2026-06-13 00:03:08.426074,0 days 00:00:09.601966,695.4373278983006,5.265805696524405,0,COMPLETE,0.037817050267771046
58,-0.03930715432659371,2026-06-13 00:03:08.426175,2026-06-13 00:03:21.956168,0 days 00:00:13.529993,581.0424088143043,2.566516195755215,5,COMPLETE,0.03930715432659371
59,-0.037582709863495656,2026-06-13 00:03:21.956224,2026-06-13 00:03:38.580615,0 days 00:00:16.624391,895.2100447048849,1.8782947163722705,20,COMPLETE,0.037582709863495656
60,-0.039779258716906685,2026-06-13 00:03:38.580679,2026-06-13 00:03:50.765874,0 days 00:00:12.185195,731.4434728588208,3.3046259364749537,2,COMPLETE,0.039779258716906685
61,-0.03993948962276295,2026-06-13 00:03:50.765974,2026-06-13 00:04:03.115628,0 days 00:00:12.349654,696.1961635589025,3.041966882601796,2,COMPLETE,0.03993948962276295
62,-0.03891337653269522,2026-06-13 00:04:03.115680,2026-06-13 00:04:13.239835,0 days 00:00:10.124155,591.9196884160338,4.150468802893942,2,COMPLETE,0.03891337653269522
63,-0.039695275734309754,2026-06-13 00:04:13.239930,2026-06-13 00:04:24.694932,0 days 00:00:11.455002,746.4306426129588,3.1964590756891647,0,COMPLETE,0.039695275734309754
64,-0.03734210524262693,2026-06-13 00:04:24.694987,2026-06-13 00:04:33.414202,0 days 00:00:08.719215,448.1423567343095,5.191395245413837,0,COMPLETE,0.03734210524262693
65,-0.03941957136548979,2026-06-13 00:04:33.414257,2026-06-13 00:04:44.394579,0 days 00:00:10.980322,721.9627781333872,3.5754258136937316,1,COMPLETE,0.03941957136548979
66,-0.03961849371955417,2026-06-13 00:04:44.394637,2026-06-13 00:04:55.391482,0 days 00:00:10.996845,611.2871619782986,3.2109621086399946,0,COMPLETE,0.03961849371955417
67,-0.03960536256776592,2026-06-13 00:04:55.391539,2026-06-13 00:05:06.224839,0 days 00:00:10.833300,623.9039376466868,3.2462603142263227,0,COMPLETE,0.03960536256776592
68,-0.03988996643376197,2026-06-13 00:05:06.224899,2026-06-13 00:05:19.611377,0 days 00:00:13.386478,496.7808392723663,2.8580642255385458,2,COMPLETE,0.03988996643376197
69,-0.03920633099313553,2026-06-13 00:05:19.611432,2026-06-13 00:05:31.111692,0 days 00:00:11.500260,740.1369392394727,3.996977186584179,2,COMPLETE,0.03920633099313553
70,-0.03678064448793428,2026-06-13 00:05:31.111795,2026-06-13 00:05:39.899337,0 days 00:00:08.787542,501.16772833993485,5.961788865056272,2,COMPLETE,0.03678064448793428
71,-0.03985382836165274,2026-06-13 00:05:39.899392,2026-06-13 00:05:54.115344,0 days 00:00:14.215952,991.0067240459546,2.9198722996041226,0,COMPLETE,0.03985382836165274
72,-0.03978743366614257,2026-06-13 00:05:54.115444,2026-06-13 00:06:08.148285,0 days 00:00:14.032841,696.0062788033699,2.9371908641716615,3,COMPLETE,0.03978743366614257
73,-0.03988066294115289,2026-06-13 00:06:08.148387,2026-06-13 00:06:24.347646,0 days 00:00:16.199259,993.7357442348069,2.8372542693797986,3,COMPLETE,0.03988066294115289
74,-0.03900957320989218,2026-06-13 00:06:24.347714,2026-06-13 00:06:51.430155,0 days 00:00:27.082441,962.51132236221,2.8364966496673127,4,COMPLETE,0.03900957320989218
75,-0.03841708225178253,2026-06-13 00:06:51.430262,2026-06-13 00:07:09.745129,0 days 00:00:18.314867,999.3837489880852,4.635234118480207,3,COMPLETE,0.03841708225178253
76,-0.03999118399515744,2026-06-13 00:07:09.745188,2026-06-13 00:07:37.548362,0 days 00:00:27.803174,670.0549488926603,1.9895416397695547,3,COMPLETE,0.03999118399515744
77,-0.03864847285702666,2026-06-13 00:07:37.548418,2026-06-13 00:08:15.145929,0 days 00:00:37.597511,838.9364311253532,1.3111861229582213,3,COMPLETE,0.03864847285702666
78,-0.03810308157513198,2026-06-13 00:08:15.145988,2026-06-13 00:08:46.898074,0 days 00:00:31.752086,663.0010614366031,1.915703425326113,17,COMPLETE,0.03810308157513198
79,-0.038904067911088025,2026-06-13 00:08:46.898174,2026-06-13 00:09:12.994867,0 days 00:00:26.096693,552.7748565740019,2.7656985330090156,4,COMPLETE,0.038904067911088025
