number,value,datetime_start,datetime_complete,duration,params_half_life_days,params_l2_lambda,params_threshold,state,r2
0,-0.13876027752007203,2026-06-12 23:48:54.778589,2026-06-12 23:48:59.677793,0 days 00:00:04.899204,111.5579284069578,7.969454818643932,15,COMPLETE,0.13876027752007203
1,-0.1327595318343967,2026-06-12 23:48:59.677946,2026-06-12 23:49:45.634400,0 days 00:00:45.956454,244.79668704186594,0.20513382630874502,3,COMPLETE,0.1327595318343967
2,-0.13443231758742447,2026-06-12 23:49:45.634458,2026-06-12 23:49:49.611104,0 days 00:00:03.976646,36.77693677430325,5.3994844097874335,12,COMPLETE,0.13443231758742447
3,-0.11783797643197325,2026-06-12 23:49:49.611202,2026-06-12 23:50:46.241286,0 days 00:00:56.630084,359.27742843713463,0.10994335574766201,20,COMPLETE,0.11783797643197325
4,-0.13380859517998323,2026-06-12 23:50:46.241340,2026-06-12 23:51:28.134651,0 days 00:00:41.893311,555.6872843629607,0.26587543983272705,3,COMPLETE,0.13380859517998323
5,-0.13106620073381825,2026-06-12 23:51:28.134752,2026-06-12 23:51:46.722464,0 days 00:00:18.587712,57.07213043685121,0.4059611610484306,11,COMPLETE,0.13106620073381825
6,-0.1397690015901789,2026-06-12 23:51:46.722521,2026-06-12 23:52:12.656924,0 days 00:00:25.934403,136.43353841454115,0.38234752246751863,12,COMPLETE,0.1397690015901789
7,-0.12701047269884758,2026-06-12 23:52:12.656994,2026-06-12 23:52:30.423696,0 days 00:00:17.766702,48.927552340819936,0.3839629299804172,7,COMPLETE,0.12701047269884758
8,-0.1443202689583719,2026-06-12 23:52:30.423747,2026-06-12 23:52:38.964940,0 days 00:00:08.541193,148.47746361371384,3.7183641805732086,4,COMPLETE,0.1443202689583719
9,-0.1469278173715033,2026-06-12 23:52:38.965062,2026-06-12 23:52:52.970358,0 days 00:00:14.005296,182.06981506056835,1.530485212183147,0,COMPLETE,0.1469278173715033
10,-0.14749617241072732,2026-06-12 23:52:52.970471,2026-06-12 23:53:13.570722,0 days 00:00:20.600251,855.5613736838227,1.3112992007873703,0,COMPLETE,0.14749617241072732
11,-0.14766576367726725,2026-06-12 23:53:13.570793,2026-06-12 23:53:32.554975,0 days 00:00:18.984182,788.6538011086226,1.4102131607889323,0,COMPLETE,0.14766576367726725
12,-0.14723600711235318,2026-06-12 23:53:32.555094,2026-06-12 23:53:54.913825,0 days 00:00:22.358731,950.0193253345249,1.1981678050611488,0,COMPLETE,0.14723600711235318
13,-0.1472867138432885,2026-06-12 23:53:54.913884,2026-06-12 23:54:16.777505,0 days 00:00:21.863621,990.3327915678841,1.2330596011102302,0,COMPLETE,0.1472867138432885
14,-0.14645747925001795,2026-06-12 23:54:16.777643,2026-06-12 23:54:30.627487,0 days 00:00:13.849844,508.6217591085819,2.5628966520895156,6,COMPLETE,0.14645747925001795
15,-0.1424911140736722,2026-06-12 23:54:30.627588,2026-06-12 23:54:57.456926,0 days 00:00:26.829338,622.231755360573,0.7148659495423882,6,COMPLETE,0.1424911140736722
16,-0.1476502911913572,2026-06-12 23:54:57.456978,2026-06-12 23:55:11.918376,0 days 00:00:14.461398,348.77388008438544,2.1247313846369957,2,COMPLETE,0.1476502911913572
17,-0.14676766481077252,2026-06-12 23:55:11.918428,2026-06-12 23:55:25.405882,0 days 00:00:13.487454,336.6680384668558,2.4918645931020484,9,COMPLETE,0.14676766481077252
18,-0.14455397532197556,2026-06-12 23:55:25.405944,2026-06-12 23:55:50.170585,0 days 00:00:24.764641,356.657577415166,0.7010478624133053,3,COMPLETE,0.14455397532197556
19,-0.14293445121402537,2026-06-12 23:55:50.170684,2026-06-12 23:56:00.445704,0 days 00:00:10.275020,93.31527161255934,2.0046179107204467,2,COMPLETE,0.14293445121402537
20,-0.14555267628048563,2026-06-12 23:56:00.445806,2026-06-12 23:56:09.509917,0 days 00:00:09.064111,234.89660850982958,4.334615482725457,5,COMPLETE,0.14555267628048563
21,-0.14637372216118594,2026-06-12 23:56:09.509975,2026-06-12 23:56:34.759248,0 days 00:00:25.249273,702.2933921415773,0.8723116901880682,1,COMPLETE,0.14637372216118594
22,-0.14760708720154336,2026-06-12 23:56:34.759298,2026-06-12 23:56:53.333588,0 days 00:00:18.574290,760.729636414044,1.7251684164693621,2,COMPLETE,0.14760708720154336
23,-0.14720443610302913,2026-06-12 23:56:53.333641,2026-06-12 23:57:04.421771,0 days 00:00:11.088130,448.9504180358201,3.3720252568857516,2,COMPLETE,0.14720443610302913
24,-0.14659158558433127,2026-06-12 23:57:04.421824,2026-06-12 23:57:21.592449,0 days 00:00:17.170625,719.218467755066,1.8158532922746564,4,COMPLETE,0.14659158558433127
25,-0.14318569659902536,2026-06-12 23:57:21.592504,2026-06-12 23:57:29.044409,0 days 00:00:07.451905,428.35504403248996,9.144226645257929,2,COMPLETE,0.14318569659902536
26,-0.14477402573633347,2026-06-12 23:57:29.044465,2026-06-12 23:57:49.313622,0 days 00:00:20.269157,274.1992717968771,0.9046975338773195,8,COMPLETE,0.14477402573633347
27,-0.1470988685013015,2026-06-12 23:57:49.313682,2026-06-12 23:58:03.256698,0 days 00:00:13.943016,618.3792837284913,2.608903589119285,5,COMPLETE,0.1470988685013015
28,-0.14796705355917394,2026-06-12 23:58:03.256817,2026-06-12 23:58:21.897652,0 days 00:00:18.640835,738.5250002658006,1.9008022288222544,1,COMPLETE,0.14796705355917394
29,-0.14597515303283004,2026-06-12 23:58:21.897719,2026-06-12 23:58:32.879218,0 days 00:00:10.981499,481.5374102644359,4.872036119610679,18,COMPLETE,0.14597515303283004
30,-0.1379547482286383,2026-06-12 23:58:32.879324,2026-06-12 23:58:38.066965,0 days 00:00:05.187641,89.17919923127963,7.245238177022533,1,COMPLETE,0.1379547482286383
31,-0.1476921848911833,2026-06-12 23:58:38.067025,2026-06-12 23:58:53.362867,0 days 00:00:15.295842,739.3729158221231,2.2214999393340054,2,COMPLETE,0.1476921848911833
32,-0.14676763262800085,2026-06-12 23:58:53.362921,2026-06-12 23:59:07.238296,0 days 00:00:13.875375,727.6742819638274,3.0228435407417686,4,COMPLETE,0.14676763262800085
33,-0.1476653435281129,2026-06-12 23:59:07.238360,2026-06-12 23:59:20.232475,0 days 00:00:12.994115,288.51177717433376,2.318237358897957,1,COMPLETE,0.1476653435281129
34,-0.1470832724286666,2026-06-12 23:59:20.232580,2026-06-12 23:59:38.676984,0 days 00:00:18.444404,258.84022735504215,0.9880996315134227,1,COMPLETE,0.1470832724286666
35,-0.14709582773867635,2026-06-12 23:59:38.677079,2026-06-12 23:59:57.435689,0 days 00:00:18.758610,587.0167992595389,1.522222906143715,3,COMPLETE,0.14709582773867635
36,-0.14391117306612577,2026-06-12 23:59:57.435789,2026-06-13 00:00:04.353555,0 days 00:00:06.917766,188.74150316125997,5.574153087338479,1,COMPLETE,0.14391117306612577
37,-0.1407377707960913,2026-06-13 00:00:04.353616,2026-06-13 00:00:34.479604,0 days 00:00:30.125988,855.3236116171407,0.574012201868321,5,COMPLETE,0.1407377707960913
38,-0.12343983091737898,2026-06-13 00:00:34.479657,2026-06-13 00:01:28.314940,0 days 00:00:53.835283,429.08489338112264,0.1407049149101859,3,COMPLETE,0.12343983091737898
39,-0.1469729269627067,2026-06-13 00:01:28.315028,2026-06-13 00:01:38.465967,0 days 00:00:10.150939,560.4386119359154,4.1628704759167,0,COMPLETE,0.1469729269627067
40,-0.14494582712532755,2026-06-13 00:01:38.466022,2026-06-13 00:01:47.965013,0 days 00:00:09.498991,853.3049791298798,6.715989849095268,4,COMPLETE,0.14494582712532755
41,-0.14705843701674848,2026-06-13 00:01:47.965070,2026-06-13 00:02:02.146378,0 days 00:00:14.181308,316.9876055154587,1.9700560687121775,15,COMPLETE,0.14705843701674848
42,-0.14684202687929315,2026-06-13 00:02:02.146481,2026-06-13 00:02:13.533206,0 days 00:00:11.386725,206.0066211777231,2.313947997944765,2,COMPLETE,0.14684202687929315
43,-0.1476093427604579,2026-06-13 00:02:13.533259,2026-06-13 00:02:25.475322,0 days 00:00:11.942063,388.07199857087215,2.9096040031427033,1,COMPLETE,0.1476093427604579
44,-0.1456164298295367,2026-06-13 00:02:25.475425,2026-06-13 00:02:39.083442,0 days 00:00:13.608017,133.97786951115518,1.39487683249227,0,COMPLETE,0.1456164298295367
45,-0.1475278296901047,2026-06-13 00:02:39.083630,2026-06-13 00:02:52.888607,0 days 00:00:13.804977,293.85918452309073,2.085240095087673,2,COMPLETE,0.1475278296901047
46,-0.14725485970106367,2026-06-13 00:02:52.888720,2026-06-13 00:03:14.489996,0 days 00:00:21.601276,517.8739229393094,1.060180893911116,1,COMPLETE,0.14725485970106367
47,-0.14712016471522538,2026-06-13 00:03:14.490050,2026-06-13 00:03:26.683205,0 days 00:00:12.193155,963.7197738651206,3.3133273821717064,3,COMPLETE,0.14712016471522538
48,-0.1460826401949641,2026-06-13 00:03:26.683260,2026-06-13 00:03:40.207716,0 days 00:00:13.524456,224.482469351272,1.748158504737485,6,COMPLETE,0.1460826401949641
49,-0.14635006537889805,2026-06-13 00:03:40.207774,2026-06-13 00:03:54.215652,0 days 00:00:14.007878,162.2572353199373,1.1761964880408275,0,COMPLETE,0.14635006537889805
50,-0.14055704899233756,2026-06-13 00:03:54.215748,2026-06-13 00:04:22.844166,0 days 00:00:28.628418,374.18831440953636,0.46807435949255843,4,COMPLETE,0.14055704899233756
51,-0.14761807754154388,2026-06-13 00:04:22.844226,2026-06-13 00:04:34.565415,0 days 00:00:11.721189,381.4647090174048,2.8720164865955553,1,COMPLETE,0.14761807754154388
52,-0.13373580648142736,2026-06-13 00:04:34.565523,2026-06-13 00:04:39.955769,0 days 00:00:05.390246,34.262712195622484,2.2438220562931335,1,COMPLETE,0.13373580648142736
53,-0.14703620986601984,2026-06-13 00:04:39.955824,2026-06-13 00:04:56.864799,0 days 00:00:16.908975,651.9811480257329,1.5143057214573943,3,COMPLETE,0.14703620986601984
54,-0.1467097852672915,2026-06-13 00:04:56.864896,2026-06-13 00:05:06.054601,0 days 00:00:09.189705,315.4952009421711,3.8923825435585613,0,COMPLETE,0.1467097852672915
55,-0.14761217956116268,2026-06-13 00:05:06.054657,2026-06-13 00:05:21.384217,0 days 00:00:15.329560,832.769264400514,2.581162405132832,2,COMPLETE,0.14761217956116268
56,-0.14761035690045887,2026-06-13 00:05:21.384272,2026-06-13 00:05:33.040880,0 days 00:00:11.656608,397.38689841722334,2.929341063475721,0,COMPLETE,0.14761035690045887
57,-0.14593036045046492,2026-06-13 00:05:33.040936,2026-06-13 00:05:57.602877,0 days 00:00:24.561941,510.93509113991234,0.7975730001042811,2,COMPLETE,0.14593036045046492
58,-0.1471487775933802,2026-06-13 00:05:57.602936,2026-06-13 00:06:16.018574,0 days 00:00:18.415638,769.9458818297225,1.700450783442607,3,COMPLETE,0.1471487775933802
59,-0.13795183995073956,2026-06-13 00:06:16.018647,2026-06-13 00:07:20.042367,0 days 00:01:04.023720,464.5594071238161,0.28442616625166894,1,COMPLETE,0.13795183995073956
60,-0.1347338189094598,2026-06-13 00:07:20.042614,2026-06-13 00:07:36.852459,0 days 00:00:16.809845,46.751975768385535,1.3278777099935084,5,COMPLETE,0.1347338189094598
61,-0.14763712874720725,2026-06-13 00:07:36.852516,2026-06-13 00:08:04.855928,0 days 00:00:28.003412,802.0395994404759,2.4812118431110024,2,COMPLETE,0.14763712874720725
62,-0.14726585665873748,2026-06-13 00:08:04.856028,2026-06-13 00:08:27.290420,0 days 00:00:22.434392,620.5817235846491,3.4116702958526592,2,COMPLETE,0.14726585665873748
63,-0.14731421753121354,2026-06-13 00:08:27.290523,2026-06-13 00:08:58.937287,0 days 00:00:31.646764,972.0474591200351,2.3141774089321956,3,COMPLETE,0.14731421753121354
64,-0.14797951163034428,2026-06-13 00:08:58.937384,2026-06-13 00:09:23.270863,0 days 00:00:24.333479,724.0075331552365,2.004584618872333,1,COMPLETE,0.14797951163034428
65,-0.14796176887681778,2026-06-13 00:09:23.270954,2026-06-13 00:09:41.131445,0 days 00:00:17.860491,715.5636777646602,1.819749010743558,0,COMPLETE,0.14796176887681778
66,-0.14719503544197932,2026-06-13 00:09:41.131525,2026-06-13 00:10:04.321080,0 days 00:00:23.189555,680.4738760596102,1.0992706038953797,0,COMPLETE,0.14719503544197932
67,-0.1479602571123212,2026-06-13 00:10:04.321138,2026-06-13 00:10:22.526625,0 days 00:00:18.205487,566.171900419544,1.643621827695189,0,COMPLETE,0.1479602571123212
68,-0.14797392702136736,2026-06-13 00:10:22.526735,2026-06-13 00:10:39.562199,0 days 00:00:17.035464,671.2762384582368,1.7934523376222629,0,COMPLETE,0.14797392702136736
69,-0.1478562528162306,2026-06-13 00:10:39.562304,2026-06-13 00:10:57.729453,0 days 00:00:18.167149,684.810426078806,1.5608603993961214,0,COMPLETE,0.1478562528162306
70,-0.14796282011014494,2026-06-13 00:10:57.729511,2026-06-13 00:11:15.036878,0 days 00:00:17.307367,558.2351191576997,1.658779525789516,0,COMPLETE,0.14796282011014494
71,-0.14796160625968857,2026-06-13 00:11:15.036938,2026-06-13 00:11:32.953395,0 days 00:00:17.916457,568.4868234378896,1.6545107019749121,0,COMPLETE,0.14796160625968857
72,-0.14797766886529928,2026-06-13 00:11:32.953454,2026-06-13 00:11:49.876977,0 days 00:00:16.923523,551.128316869481,1.6896176014770172,0,COMPLETE,0.14797766886529928
73,-0.14799367348700143,2026-06-13 00:11:49.877119,2026-06-13 00:12:05.177889,0 days 00:00:15.300770,532.2545400920427,1.728326065751961,0,COMPLETE,0.14799367348700143
74,-0.1480264395221842,2026-06-13 00:12:05.178010,2026-06-13 00:12:20.555276,0 days 00:00:15.377266,541.5958324178035,1.9119970883914283,1,COMPLETE,0.1480264395221842
75,-0.14766434091648073,2026-06-13 00:12:20.555400,2026-06-13 00:12:39.322131,0 days 00:00:18.766731,514.6159017651548,1.2737816179306922,1,COMPLETE,0.14766434091648073
76,-0.1479946837080699,2026-06-13 00:12:39.322193,2026-06-13 00:12:54.705978,0 days 00:00:15.383785,619.2903744472621,1.8957162550565085,1,COMPLETE,0.1479946837080699
77,-0.14801077077332414,2026-06-13 00:12:54.706050,2026-06-13 00:13:09.579020,0 days 00:00:14.872970,610.3032468513436,1.9874579061314266,1,COMPLETE,0.14801077077332414
78,-0.14801663398507225,2026-06-13 00:13:09.579115,2026-06-13 00:13:25.800685,0 days 00:00:16.221570,629.7973131378318,2.0632590882750868,1,COMPLETE,0.14801663398507225
79,-0.1480083264593398,2026-06-13 00:13:25.800789,2026-06-13 00:13:42.605050,0 days 00:00:16.804261,624.0367847266497,1.918911314665086,1,COMPLETE,0.1480083264593398
