number,value,datetime_start,datetime_complete,duration,params_half_life_days,params_l2_lambda,params_threshold,state,r2
0,-0.029533281323504634,2026-06-09 16:40:36.377290,2026-06-09 16:40:36.496658,0 days 00:00:00.119368,111.5579284069578,7.969454818643932,15,COMPLETE,0.029533281323504634
1,-0.01786861119122707,2026-06-09 16:40:36.496837,2026-06-09 16:40:36.627137,0 days 00:00:00.130300,244.79668704186594,0.20513382630874502,3,COMPLETE,0.01786861119122707
2,-0.026241772574742694,2026-06-09 16:40:36.627252,2026-06-09 16:40:36.754150,0 days 00:00:00.126898,36.77693677430325,5.3994844097874335,12,COMPLETE,0.026241772574742694
3,0.0005672633738655897,2026-06-09 16:40:36.754205,2026-06-09 16:40:36.888507,0 days 00:00:00.134302,359.27742843713463,0.10994335574766201,20,COMPLETE,-0.0005672633738655897
4,-0.01700144123495717,2026-06-09 16:40:36.888560,2026-06-09 16:40:37.039720,0 days 00:00:00.151160,555.6872843629607,0.26587543983272705,3,COMPLETE,0.01700144123495717
5,-0.02850708691111603,2026-06-09 16:40:37.039824,2026-06-09 16:40:37.171836,0 days 00:00:00.132012,57.07213043685121,0.4059611610484306,11,COMPLETE,0.02850708691111603
6,-0.029924133102639083,2026-06-09 16:40:37.171890,2026-06-09 16:40:37.313401,0 days 00:00:00.141511,136.43353841454115,0.38234752246751863,12,COMPLETE,0.029924133102639083
7,-0.026923968541208043,2026-06-09 16:40:37.313489,2026-06-09 16:40:37.451902,0 days 00:00:00.138413,48.927552340819936,0.3839629299804172,7,COMPLETE,0.026923968541208043
8,-0.03455168315038859,2026-06-09 16:40:37.452002,2026-06-09 16:40:37.573011,0 days 00:00:00.121009,148.47746361371384,3.7183641805732086,4,COMPLETE,0.03455168315038859
9,-0.035918602801767285,2026-06-09 16:40:37.573158,2026-06-09 16:40:37.725102,0 days 00:00:00.151944,182.06981506056835,1.530485212183147,0,COMPLETE,0.035918602801767285
10,-0.03118963418450338,2026-06-09 16:40:37.725254,2026-06-09 16:40:37.885394,0 days 00:00:00.160140,855.5613736838227,1.3112992007873703,0,COMPLETE,0.03118963418450338
11,-0.03606906876978999,2026-06-09 16:40:37.885450,2026-06-09 16:40:38.045503,0 days 00:00:00.160053,155.5393744851735,2.1708641700498124,0,COMPLETE,0.03606906876978999
12,-0.03527215514273363,2026-06-09 16:40:38.045588,2026-06-09 16:40:38.184368,0 days 00:00:00.138780,222.93070965428748,1.62875944133533,0,COMPLETE,0.03527215514273363
13,-0.0362903493691229,2026-06-09 16:40:38.184470,2026-06-09 16:40:38.336549,0 days 00:00:00.152079,98.83445439497011,1.7586159976012807,0,COMPLETE,0.0362903493691229
14,-0.03484476397342251,2026-06-09 16:40:38.336635,2026-06-09 16:40:38.473989,0 days 00:00:00.137354,81.7415192572285,2.8012966873379868,6,COMPLETE,0.03484476397342251
15,-0.03442137032587711,2026-06-09 16:40:38.474043,2026-06-09 16:40:38.627626,0 days 00:00:00.153583,91.58674405451043,0.7148659495423882,6,COMPLETE,0.03442137032587711
16,-0.033443135300923355,2026-06-09 16:40:38.627725,2026-06-09 16:40:38.761313,0 days 00:00:00.133588,334.88329698541907,2.5270113380978634,2,COMPLETE,0.033443135300923355
17,-0.034129050326061616,2026-06-09 16:40:38.761362,2026-06-09 16:40:38.897780,0 days 00:00:00.136418,69.79793024256128,0.8656571071455627,8,COMPLETE,0.034129050326061616
18,-0.021589580436040312,2026-06-09 16:40:38.897831,2026-06-09 16:40:39.032001,0 days 00:00:00.134170,36.58791065670138,8.835821011852232,2,COMPLETE,0.021589580436040312
19,-0.032067456017823126,2026-06-09 16:40:39.032055,2026-06-09 16:40:39.197914,0 days 00:00:00.165859,318.66520413883717,0.7971029206805821,5,COMPLETE,0.032067456017823126
20,-0.03445956287911256,2026-06-09 16:40:39.198014,2026-06-09 16:40:39.351890,0 days 00:00:00.153876,125.38361902050964,3.8458148889564825,1,COMPLETE,0.03445956287911256
21,-0.03572972982669442,2026-06-09 16:40:39.351943,2026-06-09 16:40:39.491840,0 days 00:00:00.139897,194.7544748388995,1.6529359281379064,0,COMPLETE,0.03572972982669442
22,-0.03568741438361123,2026-06-09 16:40:39.491895,2026-06-09 16:40:39.611132,0 days 00:00:00.119237,174.2573833156804,1.1410858285005248,0,COMPLETE,0.03568741438361123
23,-0.036244782393184405,2026-06-09 16:40:39.611184,2026-06-09 16:40:39.759890,0 days 00:00:00.148706,110.91876746828981,2.1225329374546784,2,COMPLETE,0.036244782393184405
24,-0.035781407525508735,2026-06-09 16:40:39.759948,2026-06-09 16:40:39.892327,0 days 00:00:00.132379,96.43696117352542,2.389525370602795,4,COMPLETE,0.035781407525508735
25,-0.031148943594820788,2026-06-09 16:40:39.892389,2026-06-09 16:40:40.036462,0 days 00:00:00.144073,74.17740605883164,5.272975350415649,2,COMPLETE,0.031148943594820788
26,-0.033200265695594644,2026-06-09 16:40:40.036514,2026-06-09 16:40:40.187202,0 days 00:00:00.150688,52.31466834908289,2.1364077918997,8,COMPLETE,0.033200265695594644
27,-0.03462982791138791,2026-06-09 16:40:40.187308,2026-06-09 16:40:40.320780,0 days 00:00:00.133472,110.73793138512237,3.6181363730276006,4,COMPLETE,0.03462982791138791
28,-0.03583332308807763,2026-06-09 16:40:40.320882,2026-06-09 16:40:40.439125,0 days 00:00:00.118243,147.72798580535954,1.026886708848191,2,COMPLETE,0.03583332308807763
29,-0.03110548038924199,2026-06-09 16:40:40.439181,2026-06-09 16:40:40.579271,0 days 00:00:00.140090,106.35030671098762,6.442112258166852,19,COMPLETE,0.03110548038924199
30,-0.031873260030712336,2026-06-09 16:40:40.579378,2026-06-09 16:40:40.725606,0 days 00:00:00.146228,62.775237708542825,0.5991538986340588,16,COMPLETE,0.031873260030712336
31,-0.03573246238864003,2026-06-09 16:40:40.725656,2026-06-09 16:40:40.860962,0 days 00:00:00.135306,183.262894372321,1.2743364178779886,1,COMPLETE,0.03573246238864003
32,-0.03448547506260813,2026-06-09 16:40:40.861018,2026-06-09 16:40:40.992987,0 days 00:00:00.131969,276.60031888732436,1.7830537630957934,1,COMPLETE,0.03448547506260813
33,-0.034251835917904594,2026-06-09 16:40:40.993037,2026-06-09 16:40:41.141881,0 days 00:00:00.148844,242.2326583581991,2.867041354796005,3,COMPLETE,0.034251835917904594
34,-0.03265763007643829,2026-06-09 16:40:41.141935,2026-06-09 16:40:41.271145,0 days 00:00:00.129210,500.92305021182835,1.8545549588240686,3,COMPLETE,0.03265763007643829
35,-0.03343024219880786,2026-06-09 16:40:41.271198,2026-06-09 16:40:41.393566,0 days 00:00:00.122368,168.7222055632208,4.557403992180901,1,COMPLETE,0.03343024219880786
36,-0.03649833782578715,2026-06-09 16:40:41.393683,2026-06-09 16:40:41.533298,0 days 00:00:00.139615,123.33442877902644,1.381439938704693,5,COMPLETE,0.03649833782578715
37,-0.033435296223775834,2026-06-09 16:40:41.533453,2026-06-09 16:40:41.669673,0 days 00:00:00.136220,123.72959467434848,0.574012201868321,9,COMPLETE,0.033435296223775834
38,-0.015542575899560984,2026-06-09 16:40:41.669783,2026-06-09 16:40:41.801329,0 days 00:00:00.131546,86.20931507669943,0.1407049149101859,5,COMPLETE,0.015542575899560984
39,-0.02539964301640263,2026-06-09 16:40:41.801382,2026-06-09 16:40:41.913851,0 days 00:00:00.112469,43.283483703963256,6.830262846766356,5,COMPLETE,0.02539964301640263
40,-0.03584819607295986,2026-06-09 16:40:41.913953,2026-06-09 16:40:42.063263,0 days 00:00:00.149310,142.3943147971148,1.0087685003026883,3,COMPLETE,0.03584819607295986
41,-0.035235099874695974,2026-06-09 16:40:42.063362,2026-06-09 16:40:42.198991,0 days 00:00:00.135629,217.3387583139759,1.3527657441271974,0,COMPLETE,0.035235099874695974
42,-0.03646420152445484,2026-06-09 16:40:42.199046,2026-06-09 16:40:42.324918,0 days 00:00:00.125872,107.8741368068457,1.484533745639128,2,COMPLETE,0.03646420152445484
43,-0.029423739929795967,2026-06-09 16:40:42.324971,2026-06-09 16:40:42.472127,0 days 00:00:00.147156,30.56360411171461,2.2376237601411892,4,COMPLETE,0.029423739929795967
44,-0.03517184752997904,2026-06-09 16:40:42.472186,2026-06-09 16:40:42.591761,0 days 00:00:00.119575,108.33467954124008,3.1420463044252864,2,COMPLETE,0.03517184752997904
45,-0.03538557608762605,2026-06-09 16:40:42.591813,2026-06-09 16:40:42.710597,0 days 00:00:00.118784,78.27388408581947,2.0905044504739,6,COMPLETE,0.03538557608762605
46,-0.0365330365245804,2026-06-09 16:40:42.710652,2026-06-09 16:40:42.851595,0 days 00:00:00.140943,125.8664215208818,1.4893334887247063,10,COMPLETE,0.0365330365245804
47,-0.034449959654420215,2026-06-09 16:40:42.851671,2026-06-09 16:40:42.998074,0 days 00:00:00.146403,62.047399289221644,1.4652085517588822,9,COMPLETE,0.034449959654420215
48,-0.031886052265652554,2026-06-09 16:40:42.998127,2026-06-09 16:40:43.133125,0 days 00:00:00.134998,124.15927053158667,0.46596714823884877,15,COMPLETE,0.031886052265652554
49,-0.035401300895743004,2026-06-09 16:40:43.133181,2026-06-09 16:40:43.273024,0 days 00:00:00.139843,91.76459796419563,0.9220695883941222,12,COMPLETE,0.035401300895743004
50,-0.030751200169329085,2026-06-09 16:40:43.273080,2026-06-09 16:40:43.400852,0 days 00:00:00.127772,997.5256028683872,1.2332304601780133,14,COMPLETE,0.030751200169329085
51,-0.03633525863256781,2026-06-09 16:40:43.400902,2026-06-09 16:40:43.518890,0 days 00:00:00.117988,101.40947532095048,1.7676090426297966,11,COMPLETE,0.03633525863256781
52,-0.036330017665446745,2026-06-09 16:40:43.518943,2026-06-09 16:40:43.630447,0 days 00:00:00.111504,98.73268782750445,1.5270661014643503,10,COMPLETE,0.036330017665446745
53,-0.034675264303022924,2026-06-09 16:40:43.630505,2026-06-09 16:40:43.727312,0 days 00:00:00.096807,134.56944320695405,0.7238032749091865,10,COMPLETE,0.034675264303022924
54,-0.0363594734474838,2026-06-09 16:40:43.727364,2026-06-09 16:40:43.855857,0 days 00:00:00.128493,100.30932235450635,1.5150190775509365,12,COMPLETE,0.0363594734474838
55,-0.03497742137377535,2026-06-09 16:40:43.855909,2026-06-09 16:40:44.019699,0 days 00:00:00.163790,68.19221837887174,1.4959575439960788,12,COMPLETE,0.03497742137377535
56,-0.035521745645574754,2026-06-09 16:40:44.019815,2026-06-09 16:40:44.183857,0 days 00:00:00.164042,82.86327799528726,1.103658385653908,11,COMPLETE,0.035521745645574754
57,-0.03625252872777518,2026-06-09 16:40:44.183961,2026-06-09 16:40:44.310485,0 days 00:00:00.126524,97.98651624616808,1.8069229404017526,13,COMPLETE,0.03625252872777518
58,-0.035845184717592904,2026-06-09 16:40:44.310582,2026-06-09 16:40:44.444761,0 days 00:00:00.134179,125.62001381159702,2.628832047990556,10,COMPLETE,0.035845184717592904
59,-0.025837549410761773,2026-06-09 16:40:44.444866,2026-06-09 16:40:44.585436,0 days 00:00:00.140570,164.22590124677694,0.28442616625166894,11,COMPLETE,0.025837549410761773
60,-0.03420832314537492,2026-06-09 16:40:44.585490,2026-06-09 16:40:44.724451,0 days 00:00:00.138961,203.23941717058435,0.8414594269887309,13,COMPLETE,0.03420832314537492
61,-0.03633797228228075,2026-06-09 16:40:44.724502,2026-06-09 16:40:44.847211,0 days 00:00:00.122709,100.12191432275966,1.6900342682190124,8,COMPLETE,0.03633797228228075
62,-0.03636351784316638,2026-06-09 16:40:44.847270,2026-06-09 16:40:44.989448,0 days 00:00:00.142178,100.7397049917416,1.4850229430936766,8,COMPLETE,0.03636351784316638
63,-0.036394979410570794,2026-06-09 16:40:44.989502,2026-06-09 16:40:45.108890,0 days 00:00:00.119388,116.98911845785535,1.251154668433069,7,COMPLETE,0.036394979410570794
64,-0.03635319396629322,2026-06-09 16:40:45.108949,2026-06-09 16:40:45.266804,0 days 00:00:00.157855,131.6982500554046,1.23668658030315,7,COMPLETE,0.03635319396629322
65,-0.03591214171594581,2026-06-09 16:40:45.266904,2026-06-09 16:40:45.411802,0 days 00:00:00.144898,156.3939529282574,1.114046104710008,7,COMPLETE,0.03591214171594581
66,-0.03642864807767454,2026-06-09 16:40:45.411902,2026-06-09 16:40:45.557416,0 days 00:00:00.145514,119.07370281739628,1.2822527039040612,7,COMPLETE,0.03642864807767454
67,-0.0357302648082608,2026-06-09 16:40:45.557516,2026-06-09 16:40:45.738930,0 days 00:00:00.181414,117.94959708950272,0.9222244265682344,9,COMPLETE,0.0357302648082608
68,-0.03423627763202486,2026-06-09 16:40:45.739042,2026-06-09 16:40:45.908390,0 days 00:00:00.169348,145.29252748679968,0.6816621676831339,7,COMPLETE,0.03423627763202486
69,-0.035284779504834884,2026-06-09 16:40:45.908488,2026-06-09 16:40:46.034593,0 days 00:00:00.126105,72.89256333542488,1.416549735171381,6,COMPLETE,0.035284779504834884
70,-0.03547599025872994,2026-06-09 16:40:46.034651,2026-06-09 16:40:46.204101,0 days 00:00:00.169450,87.7916693357694,0.99084113130975,7,COMPLETE,0.03547599025872994
71,-0.03641366367692134,2026-06-09 16:40:46.204209,2026-06-09 16:40:46.358478,0 days 00:00:00.154269,114.64773312550817,1.2801039573461894,8,COMPLETE,0.03641366367692134
72,-0.03629317574238344,2026-06-09 16:40:46.358538,2026-06-09 16:40:46.507184,0 days 00:00:00.148646,116.09918223833692,1.1689103101824867,8,COMPLETE,0.03629317574238344
73,-0.036291131620344474,2026-06-09 16:40:46.507243,2026-06-09 16:40:46.644448,0 days 00:00:00.137205,113.04669530225152,2.084239316939355,9,COMPLETE,0.036291131620344474
74,-0.036438036805732654,2026-06-09 16:40:46.644501,2026-06-09 16:40:46.780889,0 days 00:00:00.136388,137.60587946613887,1.389695355515673,5,COMPLETE,0.036438036805732654
75,-0.036392836954135754,2026-06-09 16:40:46.780990,2026-06-09 16:40:46.902814,0 days 00:00:00.121824,136.007496172685,1.9318036038248454,6,COMPLETE,0.036392836954135754
76,-0.034262097632450916,2026-06-09 16:40:46.902920,2026-06-09 16:40:47.040509,0 days 00:00:00.137589,179.2310123868192,0.7685184590415854,5,COMPLETE,0.034262097632450916
77,-0.03628742713578814,2026-06-09 16:40:47.040571,2026-06-09 16:40:47.171820,0 days 00:00:00.131249,144.06273299574238,2.0143373296660116,6,COMPLETE,0.03628742713578814
78,-0.035832623886324244,2026-06-09 16:40:47.171876,2026-06-09 16:40:47.315171,0 days 00:00:00.143295,157.36327634160827,2.436413238494798,5,COMPLETE,0.035832623886324244
79,-0.03559158565563281,2026-06-09 16:40:47.315234,2026-06-09 16:40:47.439564,0 days 00:00:00.124330,192.45360081338467,1.287008971848718,6,COMPLETE,0.03559158565563281
80,-0.03601974589599166,2026-06-09 16:40:47.439671,2026-06-09 16:40:47.594265,0 days 00:00:00.154594,132.13872673099334,1.0406424353696782,4,COMPLETE,0.03601974589599166
81,-0.0365295007028239,2026-06-09 16:40:47.594317,2026-06-09 16:40:47.709575,0 days 00:00:00.115258,116.37798771324042,1.6151110979081675,8,COMPLETE,0.0365295007028239
82,-0.03513837478813009,2026-06-09 16:40:47.709674,2026-06-09 16:40:47.837226,0 days 00:00:00.127552,118.29743286721845,3.2489054132915234,7,COMPLETE,0.03513837478813009
83,-0.036363101118740526,2026-06-09 16:40:47.837282,2026-06-09 16:40:47.951162,0 days 00:00:00.113880,137.08674073420664,1.9728691681369315,8,COMPLETE,0.036363101118740526
84,-0.03616349709783451,2026-06-09 16:40:47.951222,2026-06-09 16:40:48.085356,0 days 00:00:00.134134,166.41050791801527,1.6696207120968365,5,COMPLETE,0.03616349709783451
85,-0.03566694112903934,2026-06-09 16:40:48.085462,2026-06-09 16:40:48.228126,0 days 00:00:00.142664,80.64917465276575,1.3180919137914597,6,COMPLETE,0.03566694112903934
86,-0.035573510503755346,2026-06-09 16:40:48.228182,2026-06-09 16:40:48.370172,0 days 00:00:00.141990,89.0350175567259,2.387953938649503,7,COMPLETE,0.035573510503755346
87,-0.03577027277718181,2026-06-09 16:40:48.370224,2026-06-09 16:40:48.506083,0 days 00:00:00.135859,108.8168719985874,0.946083617469628,9,COMPLETE,0.03577027277718181
88,-0.03634508795399116,2026-06-09 16:40:48.506136,2026-06-09 16:40:48.635721,0 days 00:00:00.129585,152.54121987476648,1.613860463136582,4,COMPLETE,0.03634508795399116
89,-0.036265275561753074,2026-06-09 16:40:48.635774,2026-06-09 16:40:48.778358,0 days 00:00:00.142584,126.4698265739361,1.1525987106245514,8,COMPLETE,0.036265275561753074
90,-0.03475284657949951,2026-06-09 16:40:48.778409,2026-06-09 16:40:48.911812,0 days 00:00:00.133403,248.38658525300644,1.3712753519933678,7,COMPLETE,0.03475284657949951
91,-0.03640754442410221,2026-06-09 16:40:48.911868,2026-06-09 16:40:49.034806,0 days 00:00:00.122938,112.07085352452305,1.8929960110901258,8,COMPLETE,0.03640754442410221
92,-0.03573571934324271,2026-06-09 16:40:49.034910,2026-06-09 16:40:49.143766,0 days 00:00:00.108856,134.96714741828424,2.718137660179219,10,COMPLETE,0.03573571934324271
93,-0.03636486926857596,2026-06-09 16:40:49.143822,2026-06-09 16:40:49.291056,0 days 00:00:00.147234,109.46148383567265,1.9272735091306974,6,COMPLETE,0.03636486926857596
94,-0.03653447904659324,2026-06-09 16:40:49.291106,2026-06-09 16:40:49.427280,0 days 00:00:00.136174,121.30103095695111,1.6645780432033335,3,COMPLETE,0.03653447904659324
95,-0.0361359258796502,2026-06-09 16:40:49.427433,2026-06-09 16:40:49.576004,0 days 00:00:00.148571,91.95928600887662,1.3956280853061502,4,COMPLETE,0.0361359258796502
96,-0.03654049932714354,2026-06-09 16:40:49.576106,2026-06-09 16:40:49.713889,0 days 00:00:00.137783,122.76386795875999,1.631848630778706,3,COMPLETE,0.03654049932714354
97,-0.03617585766950138,2026-06-09 16:40:49.713973,2026-06-09 16:40:49.843487,0 days 00:00:00.129514,124.00781805527707,2.279215722227668,3,COMPLETE,0.03617585766950138
98,-0.03638378307308987,2026-06-09 16:40:49.843541,2026-06-09 16:40:50.007707,0 days 00:00:00.164166,148.34638290233053,1.6878643397990432,3,COMPLETE,0.03638378307308987
99,-0.03636600510517152,2026-06-09 16:40:50.007764,2026-06-09 16:40:50.132965,0 days 00:00:00.125201,105.06587549182916,1.8276977587723477,2,COMPLETE,0.03636600510517152
