number,value,datetime_start,datetime_complete,duration,params_half_life_days,params_l2_lambda,params_threshold,state,r2
0,-0.07159087222570171,2026-06-10 16:50:37.578911,2026-06-10 16:50:38.812986,0 days 00:00:01.234075,111.5579284069578,7.969454818643932,15,COMPLETE,0.07159087222570171
1,-0.061305733063078294,2026-06-10 16:50:38.813123,2026-06-10 16:50:43.477500,0 days 00:00:04.664377,244.79668704186594,0.20513382630874502,3,COMPLETE,0.061305733063078294
2,-0.0667296201040567,2026-06-10 16:50:43.477622,2026-06-10 16:50:44.731964,0 days 00:00:01.254342,36.77693677430325,5.3994844097874335,12,COMPLETE,0.0667296201040567
3,-0.03811613169916872,2026-06-10 16:50:44.732029,2026-06-10 16:50:50.910272,0 days 00:00:06.178243,359.27742843713463,0.10994335574766201,20,COMPLETE,0.03811613169916872
4,-0.05898179388953084,2026-06-10 16:50:50.910330,2026-06-10 16:50:56.622513,0 days 00:00:05.712183,555.6872843629607,0.26587543983272705,3,COMPLETE,0.05898179388953084
5,-0.06590065838391135,2026-06-10 16:50:56.622570,2026-06-10 16:50:58.489641,0 days 00:00:01.867071,57.07213043685121,0.4059611610484306,11,COMPLETE,0.06590065838391135
6,-0.07283994237660363,2026-06-10 16:50:58.489701,2026-06-10 16:51:00.766154,0 days 00:00:02.276453,136.43353841454115,0.38234752246751863,12,COMPLETE,0.07283994237660363
7,-0.06237895448693731,2026-06-10 16:51:00.766247,2026-06-10 16:51:02.566677,0 days 00:00:01.800430,48.927552340819936,0.3839629299804172,7,COMPLETE,0.06237895448693731
8,-0.07830594669679714,2026-06-10 16:51:02.566729,2026-06-10 16:51:03.900773,0 days 00:00:01.334044,148.47746361371384,3.7183641805732086,4,COMPLETE,0.07830594669679714
9,-0.0811164288988867,2026-06-10 16:51:03.900868,2026-06-10 16:51:05.054441,0 days 00:00:01.153573,182.06981506056835,1.530485212183147,0,COMPLETE,0.0811164288988867
10,-0.07648796020134263,2026-06-10 16:51:05.054535,2026-06-10 16:51:06.858566,0 days 00:00:01.804031,855.5613736838227,1.3112992007873703,0,COMPLETE,0.07648796020134263
11,-0.08072217026822148,2026-06-10 16:51:06.858663,2026-06-10 16:51:07.868850,0 days 00:00:01.010187,155.5393744851735,2.1708641700498124,0,COMPLETE,0.08072217026822148
12,-0.0809579666037139,2026-06-10 16:51:07.868907,2026-06-10 16:51:09.534744,0 days 00:00:01.665837,222.93070965428748,1.62875944133533,0,COMPLETE,0.0809579666037139
13,-0.07897580345370403,2026-06-10 16:51:09.534801,2026-06-10 16:51:11.919701,0 days 00:00:02.384900,286.69340281834997,1.0342687571912086,0,COMPLETE,0.07897580345370403
14,-0.0773285194364387,2026-06-10 16:51:11.919757,2026-06-10 16:51:13.673835,0 days 00:00:01.754078,81.89173109460081,1.014866430685245,6,COMPLETE,0.0773285194364387
15,-0.08053109617315934,2026-06-10 16:51:13.673890,2026-06-10 16:51:15.191260,0 days 00:00:01.517370,230.63280772185894,2.3976227274240736,6,COMPLETE,0.08053109617315934
16,-0.07508530442114969,2026-06-10 16:51:15.191364,2026-06-10 16:51:17.718424,0 days 00:00:02.527060,429.64956279178364,0.7463804704505792,2,COMPLETE,0.07508530442114969
17,-0.08051818997711468,2026-06-10 16:51:17.718534,2026-06-10 16:51:19.421113,0 days 00:00:01.702579,196.47190369766355,2.029827325944452,8,COMPLETE,0.08051818997711468
18,-0.07617108278340079,2026-06-10 16:51:19.421212,2026-06-10 16:51:21.032823,0 days 00:00:01.611611,84.4446223097679,0.6694653933471387,2,COMPLETE,0.07617108278340079
19,-0.07786371082733157,2026-06-10 16:51:21.032874,2026-06-10 16:51:22.818641,0 days 00:00:01.785767,769.593951628065,3.3067730281989145,5,COMPLETE,0.07786371082733157
20,-0.07845641173766638,2026-06-10 16:51:22.818696,2026-06-10 16:51:24.716033,0 days 00:00:01.897337,513.5721384294843,1.4588953606224142,1,COMPLETE,0.07845641173766638
21,-0.08060335224982296,2026-06-10 16:51:24.716167,2026-06-10 16:51:26.342753,0 days 00:00:01.626586,166.32769670102653,2.3793537960598523,0,COMPLETE,0.08060335224982296
22,-0.07803504787956961,2026-06-10 16:51:26.342806,2026-06-10 16:51:27.367800,0 days 00:00:01.024994,125.61466615062936,3.535276032425541,0,COMPLETE,0.07803504787956961
23,-0.07999321397166992,2026-06-10 16:51:27.367852,2026-06-10 16:51:29.166868,0 days 00:00:01.799016,345.7111652635186,1.7614474678518972,2,COMPLETE,0.07999321397166992
24,-0.0723852519145638,2026-06-10 16:51:29.166921,2026-06-10 16:51:30.336015,0 days 00:00:01.169094,95.99261234066412,6.3175188421753505,4,COMPLETE,0.0723852519145638
25,-0.07812839499609969,2026-06-10 16:51:30.336134,2026-06-10 16:51:32.396148,0 days 00:00:02.060014,192.43792041482163,0.700506919352256,2,COMPLETE,0.07812839499609969
26,-0.0774906915534791,2026-06-10 16:51:32.396208,2026-06-10 16:51:33.862537,0 days 00:00:01.466329,274.48363395208196,4.5668350553671715,9,COMPLETE,0.0774906915534791
27,-0.07142242046376168,2026-06-10 16:51:33.862642,2026-06-10 16:51:35.002139,0 days 00:00:01.139497,180.467200492173,9.630626156028722,4,COMPLETE,0.07142242046376168
28,-0.07994243663625888,2026-06-10 16:51:35.002246,2026-06-10 16:51:36.387105,0 days 00:00:01.384859,356.5992720683831,2.6443355738330614,1,COMPLETE,0.07994243663625888
29,-0.07971047777983864,2026-06-10 16:51:36.387158,2026-06-10 16:51:38.018854,0 days 00:00:01.631696,111.92384336736973,1.1396257307602349,18,COMPLETE,0.07971047777983864
30,-0.07908002439503703,2026-06-10 16:51:38.018907,2026-06-10 16:51:38.869105,0 days 00:00:00.850198,96.9376262884569,1.8239168515879205,1,COMPLETE,0.07908002439503703
31,-0.0801164884310267,2026-06-10 16:51:38.869156,2026-06-10 16:51:39.766420,0 days 00:00:00.897264,162.3295824809831,2.7315553749755717,0,COMPLETE,0.0801164884310267
32,-0.08073803692325954,2026-06-10 16:51:39.766519,2026-06-10 16:51:41.500689,0 days 00:00:01.734170,223.6162066696513,1.520478436111866,3,COMPLETE,0.08073803692325954
33,-0.08071601119779825,2026-06-10 16:51:41.500743,2026-06-10 16:51:43.218430,0 days 00:00:01.717687,225.11926102720062,1.5015823631809573,3,COMPLETE,0.08071601119779825
34,-0.07737916278960344,2026-06-10 16:51:43.218530,2026-06-10 16:51:45.443664,0 days 00:00:02.225134,260.8039815085621,0.8222790095515363,5,COMPLETE,0.07737916278960344
35,-0.07286681381780391,2026-06-10 16:51:45.443715,2026-06-10 16:51:47.833786,0 days 00:00:02.390071,300.7150477061273,0.5116604833312063,3,COMPLETE,0.07286681381780391
36,-0.0757467291676609,2026-06-10 16:51:47.833889,2026-06-10 16:51:48.580772,0 days 00:00:00.746883,197.11598642424448,6.099255634831917,1,COMPLETE,0.0757467291676609
37,-0.08062058593065602,2026-06-10 16:51:48.580825,2026-06-10 16:51:50.105755,0 days 00:00:01.524930,123.72959467434848,1.8017357977029416,14,COMPLETE,0.08062058593065602
38,-0.05656248699298927,2026-06-10 16:51:50.105807,2026-06-10 16:51:52.830710,0 days 00:00:02.724903,74.74785118106908,0.1407049149101859,3,COMPLETE,0.05656248699298927
39,-0.07425350406655229,2026-06-10 16:51:52.830821,2026-06-10 16:51:54.370394,0 days 00:00:01.539573,61.3856960699324,1.2819016570440307,5,COMPLETE,0.07425350406655229
40,-0.07713531315649624,2026-06-10 16:51:54.370448,2026-06-10 16:51:55.733773,0 days 00:00:01.363325,143.5985611944575,4.415869745112004,2,COMPLETE,0.07713531315649624
41,-0.0804933701377184,2026-06-10 16:51:55.733899,2026-06-10 16:51:57.500305,0 days 00:00:01.766406,226.60618299672902,1.3527657441271974,3,COMPLETE,0.0804933701377184
42,-0.08089956281914168,2026-06-10 16:51:57.500362,2026-06-10 16:51:59.107382,0 days 00:00:01.607020,224.51529807046896,1.5507364082974227,1,COMPLETE,0.08089956281914168
43,-0.0794798810018742,2026-06-10 16:51:59.107438,2026-06-10 16:52:00.401131,0 days 00:00:01.293693,421.4700163920061,2.9096040031427033,1,COMPLETE,0.0794798810018742
44,-0.07984178576964363,2026-06-10 16:52:00.401186,2026-06-10 16:52:01.687859,0 days 00:00:01.286673,160.69785374143686,0.9029420001915479,0,COMPLETE,0.07984178576964363
45,-0.08002810805052951,2026-06-10 16:52:01.687920,2026-06-10 16:52:03.455088,0 days 00:00:01.767168,308.4773744057699,2.1583748949890253,4,COMPLETE,0.08002810805052951
46,-0.060799640177160885,2026-06-10 16:52:03.455145,2026-06-10 16:52:04.508848,0 days 00:00:01.053703,37.22101924316837,0.5673405072649974,1,COMPLETE,0.060799640177160885
47,-0.08095768982492191,2026-06-10 16:52:04.508906,2026-06-10 16:52:05.697445,0 days 00:00:01.188539,219.9088635797943,1.5845121221704708,0,COMPLETE,0.08095768982492191
48,-0.07973286712856631,2026-06-10 16:52:05.697546,2026-06-10 16:52:07.567815,0 days 00:00:01.870269,228.04389993776238,1.0333045097713243,2,COMPLETE,0.07973286712856631
49,-0.08050234717152605,2026-06-10 16:52:07.567919,2026-06-10 16:52:09.333781,0 days 00:00:01.765862,205.69472576736783,1.759216628055927,7,COMPLETE,0.08050234717152605
50,-0.07902804660544849,2026-06-10 16:52:09.333834,2026-06-10 16:52:10.854418,0 days 00:00:01.520584,448.47498089457736,1.5330467141257416,0,COMPLETE,0.07902804660544849
51,-0.08060700256743192,2026-06-10 16:52:10.854476,2026-06-10 16:52:11.878520,0 days 00:00:01.024044,138.7157193502274,2.0163753574576067,1,COMPLETE,0.08060700256743192
52,-0.08085905401177584,2026-06-10 16:52:11.878622,2026-06-10 16:52:13.141288,0 days 00:00:01.262666,179.2614352994479,1.267152046360932,0,COMPLETE,0.08085905401177584
53,-0.08010686226470265,2026-06-10 16:52:13.141339,2026-06-10 16:52:15.124415,0 days 00:00:01.983076,255.65163340381363,1.2535017961719563,2,COMPLETE,0.08010686226470265
54,-0.0777865852155083,2026-06-10 16:52:15.124525,2026-06-10 16:52:16.811600,0 days 00:00:01.687075,339.5389038435885,0.940961100603274,0,COMPLETE,0.0777865852155083
55,-0.06802315516642832,2026-06-10 16:52:16.811710,2026-06-10 16:52:19.746297,0 days 00:00:02.934587,258.85334251804846,0.32073311183268205,3,COMPLETE,0.06802315516642832
56,-0.0806420977716178,2026-06-10 16:52:19.746411,2026-06-10 16:52:20.992877,0 days 00:00:01.246466,176.81880960726923,1.1515787050689203,1,COMPLETE,0.0806420977716178
57,-0.07867215578226672,2026-06-10 16:52:20.992996,2026-06-10 16:52:22.849282,0 days 00:00:01.856286,207.70044151432322,0.7975730001042811,0,COMPLETE,0.07867215578226672
58,-0.07800536203674202,2026-06-10 16:52:22.849338,2026-06-10 16:52:25.133576,0 days 00:00:02.284238,612.151886054463,1.518165198256879,2,COMPLETE,0.07800536203674202
59,-0.07943298278889066,2026-06-10 16:52:25.133709,2026-06-10 16:52:26.998596,0 days 00:00:01.864887,305.92936243558484,3.189890273916985,4,COMPLETE,0.07943298278889066
60,-0.07362773819245327,2026-06-10 16:52:26.998728,2026-06-10 16:52:30.010810,0 days 00:00:03.012082,387.1907030679386,0.605316650609246,1,COMPLETE,0.07362773819245327
61,-0.08059310687141841,2026-06-10 16:52:30.010867,2026-06-10 16:52:31.175704,0 days 00:00:01.164837,159.2629755205487,2.327748277184872,0,COMPLETE,0.08059310687141841
62,-0.08058647048257472,2026-06-10 16:52:31.175761,2026-06-10 16:52:32.869391,0 days 00:00:01.693630,130.89600541219002,1.7195084143087904,2,COMPLETE,0.08058647048257472
63,-0.07963069362088848,2026-06-10 16:52:32.869503,2026-06-10 16:52:33.797803,0 days 00:00:00.928300,111.85670281737912,2.1111387151753083,0,COMPLETE,0.07963069362088848
64,-0.08061286211760488,2026-06-10 16:52:33.797861,2026-06-10 16:52:35.076803,0 days 00:00:01.278942,186.13469909362266,1.1629182156453364,1,COMPLETE,0.08061286211760488
65,-0.08101663590644637,2026-06-10 16:52:35.076856,2026-06-10 16:52:36.275225,0 days 00:00:01.198369,148.9413469378806,1.5545548135758807,0,COMPLETE,0.08101663590644637
66,-0.08078140230705366,2026-06-10 16:52:36.275278,2026-06-10 16:52:38.017050,0 days 00:00:01.741772,239.1849716448203,1.6302169584281547,2,COMPLETE,0.08078140230705366
67,-0.0805314282305366,2026-06-10 16:52:38.017104,2026-06-10 16:52:39.180204,0 days 00:00:01.163100,243.6929530632987,2.5529615410267934,0,COMPLETE,0.0805314282305366
68,-0.07971847817488353,2026-06-10 16:52:39.180259,2026-06-10 16:52:41.381214,0 days 00:00:02.200955,185.68672785366763,0.9932382798000686,19,COMPLETE,0.07971847817488353
69,-0.08091500058688006,2026-06-10 16:52:41.381313,2026-06-10 16:52:42.580152,0 days 00:00:01.198839,147.51826785660305,1.3401111050554535,1,COMPLETE,0.08091500058688006
70,-0.0809350456082667,2026-06-10 16:52:42.580208,2026-06-10 16:52:44.070629,0 days 00:00:01.490421,147.27972974928082,1.368978860304504,1,COMPLETE,0.0809350456082667
71,-0.0793225476604984,2026-06-10 16:52:44.070733,2026-06-10 16:52:45.345170,0 days 00:00:01.274437,97.15815797806994,1.3891286406471686,1,COMPLETE,0.0793225476604984
72,-0.08083381268565659,2026-06-10 16:52:45.345224,2026-06-10 16:52:46.360716,0 days 00:00:01.015492,146.0201641333726,1.9079825614809096,0,COMPLETE,0.08083381268565659
73,-0.08036382477993353,2026-06-10 16:52:46.360775,2026-06-10 16:52:47.610050,0 days 00:00:01.249275,125.734247783755,1.1425035571189868,1,COMPLETE,0.08036382477993353
74,-0.07961487250136334,2026-06-10 16:52:47.610103,2026-06-10 16:52:49.622427,0 days 00:00:02.012324,173.30950460580604,0.8736922943963824,2,COMPLETE,0.07961487250136334
75,-0.08069183007612923,2026-06-10 16:52:49.622483,2026-06-10 16:52:51.006065,0 days 00:00:01.383582,206.76826251935904,1.2750430594507314,0,COMPLETE,0.08069183007612923
76,-0.0787850152932883,2026-06-10 16:52:51.006123,2026-06-10 16:52:52.610220,0 days 00:00:01.604097,156.30438106000756,0.7316065621433581,1,COMPLETE,0.0787850152932883
77,-0.07969259710426746,2026-06-10 16:52:52.610335,2026-06-10 16:52:54.379585,0 days 00:00:01.769250,111.4227413501165,1.0506733555791108,2,COMPLETE,0.07969259710426746
78,-0.0800756399199628,2026-06-10 16:52:54.379760,2026-06-10 16:52:56.395536,0 days 00:00:02.015776,274.45692439365234,1.399317126466936,3,COMPLETE,0.0800756399199628
79,-0.08107206830250502,2026-06-10 16:52:56.395594,2026-06-10 16:52:58.054134,0 days 00:00:01.658540,145.25661756902159,1.681171275034797,16,COMPLETE,0.08107206830250502
