number,value,datetime_start,datetime_complete,duration,params_half_life_days,params_l2_lambda,params_threshold,state,r2
0,-0.07536190024963729,2026-06-09 15:52:00.042514,2026-06-09 15:52:01.050215,0 days 00:00:01.007701,111.5579284069578,7.969454818643932,15,COMPLETE,0.07536190024963729
1,-0.05437501787188115,2026-06-09 15:52:01.050323,2026-06-09 15:52:03.119537,0 days 00:00:02.069214,244.79668704186594,0.20513382630874502,3,COMPLETE,0.05437501787188115
2,-0.07216019738637647,2026-06-09 15:52:03.119645,2026-06-09 15:52:03.891657,0 days 00:00:00.772012,36.77693677430325,5.3994844097874335,12,COMPLETE,0.07216019738637647
3,-0.025194334503084947,2026-06-09 15:52:03.891710,2026-06-09 15:52:06.447646,0 days 00:00:02.555936,359.27742843713463,0.10994335574766201,20,COMPLETE,0.025194334503084947
4,-0.05316764320823908,2026-06-09 15:52:06.447745,2026-06-09 15:52:08.641525,0 days 00:00:02.193780,555.6872843629607,0.26587543983272705,3,COMPLETE,0.05316764320823908
5,-0.06760173028799676,2026-06-09 15:52:08.641575,2026-06-09 15:52:09.867904,0 days 00:00:01.226329,57.07213043685121,0.4059611610484306,11,COMPLETE,0.06760173028799676
6,-0.06717172363878388,2026-06-09 15:52:09.867954,2026-06-09 15:52:11.249287,0 days 00:00:01.381333,136.43353841454115,0.38234752246751863,12,COMPLETE,0.06717172363878388
7,-0.0661878163358196,2026-06-09 15:52:11.249340,2026-06-09 15:52:12.390996,0 days 00:00:01.141656,48.927552340819936,0.3839629299804172,7,COMPLETE,0.0661878163358196
8,-0.07965045995775466,2026-06-09 15:52:12.391049,2026-06-09 15:52:13.235686,0 days 00:00:00.844637,148.47746361371384,3.7183641805732086,4,COMPLETE,0.07965045995775466
9,-0.07907565952109052,2026-06-09 15:52:13.235772,2026-06-09 15:52:13.946903,0 days 00:00:00.711131,182.06981506056835,1.530485212183147,0,COMPLETE,0.07907565952109052
10,-0.07011834537975947,2026-06-09 15:52:13.946956,2026-06-09 15:52:15.438408,0 days 00:00:01.491452,846.8209840008549,2.126848942597982,20,COMPLETE,0.07011834537975947
11,-0.07913801998702574,2026-06-09 15:52:15.438510,2026-06-09 15:52:16.163175,0 days 00:00:00.724665,155.5393744851735,1.4495140946235858,0,COMPLETE,0.07913801998702574
12,-0.07889217648288349,2026-06-09 15:52:16.163226,2026-06-09 15:52:16.682928,0 days 00:00:00.519702,90.57720160468044,1.770789973812919,0,COMPLETE,0.07889217648288349
13,-0.07961196498910428,2026-06-09 15:52:16.683033,2026-06-09 15:52:17.658499,0 days 00:00:00.975466,286.69340281834997,3.6088349056795757,5,COMPLETE,0.07961196498910428
14,-0.0793396492451044,2026-06-09 15:52:17.658556,2026-06-09 15:52:18.703061,0 days 00:00:01.044505,305.1800390254951,3.94171678241066,6,COMPLETE,0.0793396492451044
15,-0.07711867351985913,2026-06-09 15:52:18.703159,2026-06-09 15:52:20.100862,0 days 00:00:01.397703,472.2998585053038,3.208108786820768,7,COMPLETE,0.07711867351985913
16,-0.07407021699210736,2026-06-09 15:52:20.100918,2026-06-09 15:52:21.416049,0 days 00:00:01.315131,77.47217550299321,0.8058805332482413,4,COMPLETE,0.07407021699210736
17,-0.07570784768141436,2026-06-09 15:52:21.416148,2026-06-09 15:52:22.377062,0 days 00:00:00.960914,198.32363013208175,9.70215954926184,9,COMPLETE,0.07570784768141436
18,-0.06711838836834483,2026-06-09 15:52:22.377122,2026-06-09 15:52:24.455231,0 days 00:00:02.078109,875.6376547681502,0.8883116653692037,5,COMPLETE,0.06711838836834483
19,-0.07672628616180843,2026-06-09 15:52:24.455339,2026-06-09 15:52:25.499280,0 days 00:00:01.043941,490.4715911574188,5.260124103930152,9,COMPLETE,0.07672628616180843
20,-0.07922307041549881,2026-06-09 15:52:25.499336,2026-06-09 15:52:26.559139,0 days 00:00:01.059803,290.65268415411316,2.6558836137002966,2,COMPLETE,0.07922307041549881
21,-0.07903727143826289,2026-06-09 15:52:26.559238,2026-06-09 15:52:27.566098,0 days 00:00:01.006860,323.2743648962877,4.160617933755993,6,COMPLETE,0.07903727143826289
22,-0.07988982108697606,2026-06-09 15:52:27.566153,2026-06-09 15:52:28.490244,0 days 00:00:00.924091,231.45122772693162,3.967582794487541,8,COMPLETE,0.07988982108697606
23,-0.07871061062119322,2026-06-09 15:52:28.490341,2026-06-09 15:52:29.461445,0 days 00:00:00.971104,195.91163946174936,6.294571127267906,9,COMPLETE,0.07871061062119322
24,-0.08015916915683041,2026-06-09 15:52:29.461542,2026-06-09 15:52:30.483636,0 days 00:00:01.022094,128.65616023916652,2.389525370602795,15,COMPLETE,0.08015916915683041
25,-0.0770498765412927,2026-06-09 15:52:30.483760,2026-06-09 15:52:31.706700,0 days 00:00:01.222940,115.70498221479606,1.0814551731538213,17,COMPLETE,0.0770498765412927
26,-0.0783487175640406,2026-06-09 15:52:31.706756,2026-06-09 15:52:32.527604,0 days 00:00:00.820848,73.95541511846223,2.4270959828895076,14,COMPLETE,0.0783487175640406
27,-0.07717973046812221,2026-06-09 15:52:32.527660,2026-06-09 15:52:33.267256,0 days 00:00:00.739596,126.93949989663089,6.39331851439881,17,COMPLETE,0.07717973046812221
28,-0.07698931440352907,2026-06-09 15:52:33.267308,2026-06-09 15:52:34.377840,0 days 00:00:01.110532,92.09761809299717,1.1827961595530496,18,COMPLETE,0.07698931440352907
29,-0.07654206596492918,2026-06-09 15:52:34.377900,2026-06-09 15:52:35.320058,0 days 00:00:00.942158,157.42291264308065,7.948010668004212,15,COMPLETE,0.07654206596492918
30,-0.06796070232380547,2026-06-09 15:52:35.320118,2026-06-09 15:52:36.913033,0 days 00:00:01.592915,237.10177533544584,0.5991538986340588,10,COMPLETE,0.06796070232380547
31,-0.08051676091688575,2026-06-09 15:52:36.913090,2026-06-09 15:52:37.936160,0 days 00:00:01.023070,196.85307994411068,2.869424096694847,2,COMPLETE,0.08051676091688575
32,-0.08014524599605721,2026-06-09 15:52:37.936264,2026-06-09 15:52:39.028556,0 days 00:00:01.092292,232.35015978104596,2.8898595277581083,2,COMPLETE,0.08014524599605721
33,-0.07928475408443603,2026-06-09 15:52:39.028608,2026-06-09 15:52:40.245800,0 days 00:00:01.217192,233.71595728292422,1.9723878254535332,2,COMPLETE,0.07928475408443603
34,-0.07777893658010926,2026-06-09 15:52:40.245897,2026-06-09 15:52:41.409631,0 days 00:00:01.163734,387.8598067577784,2.466682771262697,2,COMPLETE,0.07777893658010926
35,-0.07950860085200862,2026-06-09 15:52:41.409687,2026-06-09 15:52:42.472994,0 days 00:00:01.063307,225.84497591572276,2.909648689679734,14,COMPLETE,0.07950860085200862
36,-0.0780890819008706,2026-06-09 15:52:42.473045,2026-06-09 15:52:42.975699,0 days 00:00:00.502654,99.65050514202869,4.751712443923285,1,COMPLETE,0.0780890819008706
37,-0.07400478661447485,2026-06-09 15:52:42.975750,2026-06-09 15:52:44.312457,0 days 00:00:01.336707,645.1295695658158,2.9768619369240414,12,COMPLETE,0.07400478661447485
38,-0.03736587846772399,2026-06-09 15:52:44.312558,2026-06-09 15:52:47.515666,0 days 00:00:03.203108,389.47276310113443,0.1407049149101859,8,COMPLETE,0.03736587846772399
39,-0.07876807213443426,2026-06-09 15:52:47.515956,2026-06-09 15:52:48.811899,0 days 00:00:01.295943,172.08873150174847,1.496598696108636,3,COMPLETE,0.07876807213443426
40,-0.07126030073473644,2026-06-09 15:52:48.812027,2026-06-09 15:52:49.609228,0 days 00:00:00.797201,40.47182777383984,6.903817732569286,11,COMPLETE,0.07126030073473644
41,-0.07880610337795313,2026-06-09 15:52:49.609286,2026-06-09 15:52:50.599616,0 days 00:00:00.990330,139.590943706556,4.767895279466962,4,COMPLETE,0.07880610337795313
42,-0.07985888371618799,2026-06-09 15:52:50.599718,2026-06-09 15:52:51.546119,0 days 00:00:00.946401,143.65871560521225,3.562687113139373,3,COMPLETE,0.07985888371618799
43,-0.07989617374121405,2026-06-09 15:52:51.546177,2026-06-09 15:52:52.205463,0 days 00:00:00.659286,114.32769277093706,1.9898241871751758,1,COMPLETE,0.07989617374121405
44,-0.07970688872502363,2026-06-09 15:52:52.205516,2026-06-09 15:52:52.818692,0 days 00:00:00.613176,105.11621766329729,2.0611407050241795,1,COMPLETE,0.07970688872502363
45,-0.07733362526882515,2026-06-09 15:52:52.818745,2026-06-09 15:52:53.328459,0 days 00:00:00.509714,61.10837505038925,1.8157731189070465,1,COMPLETE,0.07733362526882515
46,-0.07576506345454503,2026-06-09 15:52:53.328512,2026-06-09 15:52:54.567398,0 days 00:00:01.238886,201.01290059940288,1.150669159812633,13,COMPLETE,0.07576506345454503
47,-0.07946584389436384,2026-06-09 15:52:54.567503,2026-06-09 15:52:55.670960,0 days 00:00:01.103457,266.31037651803405,2.342777778933356,5,COMPLETE,0.07946584389436384
48,-0.0797663299825151,2026-06-09 15:52:55.671017,2026-06-09 15:52:56.358852,0 days 00:00:00.687835,123.87728174568696,1.748158504737485,0,COMPLETE,0.0797663299825151
49,-0.0776553148831447,2026-06-09 15:52:56.358903,2026-06-09 15:52:57.185235,0 days 00:00:00.826332,80.51792655432563,3.120148029768526,19,COMPLETE,0.0776553148831447
50,-0.08029961525579421,2026-06-09 15:52:57.185286,2026-06-09 15:52:58.180796,0 days 00:00:00.995510,173.00844970603393,4.31524012738953,7,COMPLETE,0.08029961525579421
51,-0.08033267567758995,2026-06-09 15:52:58.180848,2026-06-09 15:52:59.215664,0 days 00:00:01.034816,170.22126805401243,4.2624027270448686,7,COMPLETE,0.08033267567758995
52,-0.07982936284583508,2026-06-09 15:52:59.215717,2026-06-09 15:53:00.438241,0 days 00:00:01.222524,171.29412269979596,4.595430784924372,2,COMPLETE,0.07982936284583508
53,-0.07775729349291083,2026-06-09 15:53:00.438295,2026-06-09 15:53:01.498388,0 days 00:00:01.060093,110.85285765894814,5.855523544706786,6,COMPLETE,0.07775729349291083
54,-0.07981380316217279,2026-06-09 15:53:01.498447,2026-06-09 15:53:02.656900,0 days 00:00:01.158453,170.89692134471096,3.4615632084292653,4,COMPLETE,0.07981380316217279
55,-0.0799718753699562,2026-06-09 15:53:02.656952,2026-06-09 15:53:03.755713,0 days 00:00:01.098761,197.29026926852669,2.7135704648839027,3,COMPLETE,0.0799718753699562
56,-0.07797352821325665,2026-06-09 15:53:03.755825,2026-06-09 15:53:05.101397,0 days 00:00:01.345572,340.4744891241051,2.734799160088067,3,COMPLETE,0.07797352821325665
57,-0.07738638964790856,2026-06-09 15:53:05.101453,2026-06-09 15:53:06.192766,0 days 00:00:01.091313,214.1376754862441,7.719431493407128,7,COMPLETE,0.07738638964790856
58,-0.07919083974599461,2026-06-09 15:53:06.192820,2026-06-09 15:53:07.328905,0 days 00:00:01.136085,270.66607839966997,3.8968419274925186,11,COMPLETE,0.07919083974599461
59,-0.0795933905506454,2026-06-09 15:53:07.328959,2026-06-09 15:53:08.315944,0 days 00:00:00.986985,191.68882349262594,5.292464392599414,6,COMPLETE,0.0795933905506454
60,-0.07531059895419212,2026-06-09 15:53:08.315996,2026-06-09 15:53:09.298002,0 days 00:00:00.982006,155.77094677182194,8.974156724600677,4,COMPLETE,0.07531059895419212
61,-0.08032424169198749,2026-06-09 15:53:09.298190,2026-06-09 15:53:09.973422,0 days 00:00:00.675232,130.56298823633747,2.2105759650617567,0,COMPLETE,0.08032424169198749
62,-0.07998018185536049,2026-06-09 15:53:09.973473,2026-06-09 15:53:11.021941,0 days 00:00:01.048468,131.3109339256404,2.2892447014777253,3,COMPLETE,0.07998018185536049
63,-0.07876637553052379,2026-06-09 15:53:11.022009,2026-06-09 15:53:11.998630,0 days 00:00:00.976621,130.8969904776965,1.3154227722236074,0,COMPLETE,0.07876637553052379
64,-0.07961415782168624,2026-06-09 15:53:11.998684,2026-06-09 15:53:12.838466,0 days 00:00:00.839782,159.15480355198545,1.6332305423778752,1,COMPLETE,0.07961415782168624
65,-0.07952581596584973,2026-06-09 15:53:12.838519,2026-06-09 15:53:14.082583,0 days 00:00:01.244064,96.07361007590538,2.392009593689989,2,COMPLETE,0.07952581596584973
66,-0.07976953967201106,2026-06-09 15:53:14.082639,2026-06-09 15:53:14.836154,0 days 00:00:00.753515,141.52997026579166,4.285121939219689,0,COMPLETE,0.07976953967201106
67,-0.07921427621936461,2026-06-09 15:53:14.836211,2026-06-09 15:53:16.510235,0 days 00:00:01.674024,263.4840895166344,2.1201631490191497,5,COMPLETE,0.07921427621936461
68,-0.07976437210949339,2026-06-09 15:53:16.510289,2026-06-09 15:53:17.883923,0 days 00:00:01.373634,124.31931868683954,3.266287399790974,16,COMPLETE,0.07976437210949339
69,-0.07588104842575283,2026-06-09 15:53:17.883977,2026-06-09 15:53:19.560364,0 days 00:00:01.676387,85.15249155479162,0.8770479602850861,8,COMPLETE,0.07588104842575283
70,-0.07764398001661643,2026-06-09 15:53:19.560416,2026-06-09 15:53:20.875520,0 days 00:00:01.315104,67.9862275639419,1.37251012329055,10,COMPLETE,0.07764398001661643
71,-0.08059090372770583,2026-06-09 15:53:20.875618,2026-06-09 15:53:22.112536,0 days 00:00:01.236918,183.87175574875897,2.7340749651370637,2,COMPLETE,0.08059090372770583
72,-0.08045837216945961,2026-06-09 15:53:22.112659,2026-06-09 15:53:23.246880,0 days 00:00:01.134221,178.96763969380964,2.3472389697952125,2,COMPLETE,0.08045837216945961
73,-0.08058810891178214,2026-06-09 15:53:23.246980,2026-06-09 15:53:24.224902,0 days 00:00:00.977922,177.78839829153716,3.2584411903807844,2,COMPLETE,0.08058810891178214
74,-0.08034316190866653,2026-06-09 15:53:24.225004,2026-06-09 15:53:24.912357,0 days 00:00:00.687353,169.33548867834344,3.81923874450091,1,COMPLETE,0.08034316190866653
75,-0.08041363159332382,2026-06-09 15:53:24.912477,2026-06-09 15:53:25.549929,0 days 00:00:00.637452,178.52437318045577,3.7164968000451686,1,COMPLETE,0.08041363159332382
76,-0.0805650717215427,2026-06-09 15:53:25.549985,2026-06-09 15:53:26.155730,0 days 00:00:00.605745,184.8858430677104,3.282654914513768,1,COMPLETE,0.0805650717215427
77,-0.0804230139348705,2026-06-09 15:53:26.155829,2026-06-09 15:53:26.898511,0 days 00:00:00.742682,182.70365016333048,3.6884686998660494,1,COMPLETE,0.0804230139348705
78,-0.08036471867964523,2026-06-09 15:53:26.898612,2026-06-09 15:53:27.492766,0 days 00:00:00.594154,214.36835501803802,3.3076703485966936,1,COMPLETE,0.08036471867964523
79,-0.0804045030899111,2026-06-09 15:53:27.492824,2026-06-09 15:53:28.608785,0 days 00:00:01.115961,211.42290236742465,3.105799157995613,2,COMPLETE,0.0804045030899111
80,-0.07915468067819331,2026-06-09 15:53:28.608843,2026-06-09 15:53:29.753724,0 days 00:00:01.144881,254.4796699889003,5.155444929049424,2,COMPLETE,0.07915468067819331
81,-0.08044761101000131,2026-06-09 15:53:29.753829,2026-06-09 15:53:30.425690,0 days 00:00:00.671861,206.39337419919033,3.177718240089161,1,COMPLETE,0.08044761101000131
82,-0.0805808393825056,2026-06-09 15:53:30.425744,2026-06-09 15:53:31.488166,0 days 00:00:01.062422,185.67526834107406,2.746930972797266,2,COMPLETE,0.0805808393825056
83,-0.08040926063405951,2026-06-09 15:53:31.488280,2026-06-09 15:53:32.204616,0 days 00:00:00.716336,192.12328863987392,3.6519401574133696,1,COMPLETE,0.08040926063405951
84,-0.07969047745338176,2026-06-09 15:53:32.204671,2026-06-09 15:53:33.402889,0 days 00:00:01.198218,185.78611391238726,2.552771662409769,4,COMPLETE,0.07969047745338176
85,-0.08017695700681227,2026-06-09 15:53:33.402942,2026-06-09 15:53:34.503893,0 days 00:00:01.100951,149.92581242109645,2.802658599789091,3,COMPLETE,0.08017695700681227
86,-0.07765650854035566,2026-06-09 15:53:34.503998,2026-06-09 15:53:35.733818,0 days 00:00:01.229820,306.0134690615099,1.7862929950963546,2,COMPLETE,0.07765650854035566
87,-0.08028370332353829,2026-06-09 15:53:35.733877,2026-06-09 15:53:36.425308,0 days 00:00:00.691431,222.19794937212637,3.391796347650467,0,COMPLETE,0.08028370332353829
88,-0.08000388056283314,2026-06-09 15:53:36.425367,2026-06-09 15:53:37.190839,0 days 00:00:00.765472,246.14236909270664,2.9704647229266645,1,COMPLETE,0.08000388056283314
89,-0.07974955639451187,2026-06-09 15:53:37.190944,2026-06-09 15:53:38.203380,0 days 00:00:01.012436,183.3501521424278,4.745107199921456,2,COMPLETE,0.07974955639451187
90,-0.07978219964370858,2026-06-09 15:53:38.203482,2026-06-09 15:53:39.311580,0 days 00:00:01.108098,207.3642065954211,2.5310919805088488,3,COMPLETE,0.07978219964370858
91,-0.08042915431793873,2026-06-09 15:53:39.311634,2026-06-09 15:53:39.930168,0 days 00:00:00.618534,159.35188342019188,3.582186314626398,1,COMPLETE,0.08042915431793873
92,-0.0785946806126997,2026-06-09 15:53:39.930224,2026-06-09 15:53:40.417042,0 days 00:00:00.486818,161.19392092112892,5.92422102929703,0,COMPLETE,0.0785946806126997
93,-0.07319472998597187,2026-06-09 15:53:40.417140,2026-06-09 15:53:40.865625,0 days 00:00:00.448485,30.43113861537292,3.7161782622981843,1,COMPLETE,0.07319472998597187
94,-0.08028989941261955,2026-06-09 15:53:40.865679,2026-06-09 15:53:41.975829,0 days 00:00:01.110150,148.97131956647726,2.016631268547789,2,COMPLETE,0.08028989941261955
95,-0.061399704701011304,2026-06-09 15:53:41.975937,2026-06-09 15:53:43.880667,0 days 00:00:01.904730,181.45418987295693,0.261723238028038,3,COMPLETE,0.061399704701011304
96,-0.079870908413886,2026-06-09 15:53:43.880721,2026-06-09 15:53:44.551499,0 days 00:00:00.670778,244.97086975609037,4.033144567624552,1,COMPLETE,0.079870908413886
97,-0.079284250306216,2026-06-09 15:53:44.551554,2026-06-09 15:53:45.980874,0 days 00:00:01.429320,287.32870309029556,2.67318285887473,2,COMPLETE,0.079284250306216
98,-0.0802451647290684,2026-06-09 15:53:45.980976,2026-06-09 15:53:46.847344,0 days 00:00:00.866368,227.07349378457147,3.0670962685840872,0,COMPLETE,0.0802451647290684
99,-0.08002534058182575,2026-06-09 15:53:46.847397,2026-06-09 15:53:48.017467,0 days 00:00:01.170070,181.62179980863226,3.4253562001015916,3,COMPLETE,0.08002534058182575
100,-0.0799152380377055,2026-06-09 15:53:48.017520,2026-06-09 15:53:48.834634,0 days 00:00:00.817114,119.95297576780136,1.901783961250334,1,COMPLETE,0.0799152380377055
101,-0.08038330102679447,2026-06-09 15:53:48.834690,2026-06-09 15:53:49.431099,0 days 00:00:00.596409,197.10448654609232,3.6739660864886523,1,COMPLETE,0.08038330102679447
102,-0.07996830888470963,2026-06-09 15:53:49.431156,2026-06-09 15:53:50.382407,0 days 00:00:00.951251,162.61286314286033,4.343451713390688,2,COMPLETE,0.07996830888470963
103,-0.08060434417602458,2026-06-09 15:53:50.382509,2026-06-09 15:53:50.999320,0 days 00:00:00.616811,147.80902873406845,2.875736134627342,1,COMPLETE,0.08060434417602458
104,-0.08044076453910476,2026-06-09 15:53:50.999411,2026-06-09 15:53:51.677153,0 days 00:00:00.677742,139.90168783765958,2.2529356920523846,0,COMPLETE,0.08044076453910476
105,-0.08047484710372876,2026-06-09 15:53:51.677210,2026-06-09 15:53:52.395938,0 days 00:00:00.718728,144.0849317483513,2.2745447362829565,0,COMPLETE,0.08047484710372876
106,-0.08043760937202782,2026-06-09 15:53:52.396056,2026-06-09 15:53:53.017325,0 days 00:00:00.621269,145.22158977530543,2.2005685111232562,0,COMPLETE,0.08043760937202782
107,-0.07968051992022107,2026-06-09 15:53:53.017386,2026-06-09 15:53:53.747022,0 days 00:00:00.729636,145.01927147526445,1.6361437135022883,0,COMPLETE,0.07968051992022107
108,-0.07981289205636954,2026-06-09 15:53:53.747075,2026-06-09 15:53:54.402642,0 days 00:00:00.655567,106.5849439757474,2.1720766953779074,0,COMPLETE,0.07981289205636954
109,-0.08044061780348744,2026-06-09 15:53:54.402696,2026-06-09 15:53:55.007272,0 days 00:00:00.604576,136.15821344671141,2.3270367581441143,0,COMPLETE,0.08044061780348744
110,-0.08049563202126675,2026-06-09 15:53:55.007374,2026-06-09 15:53:55.747594,0 days 00:00:00.740220,136.71907311041,2.4750410643341536,0,COMPLETE,0.08049563202126675
111,-0.08051836071536811,2026-06-09 15:53:55.747695,2026-06-09 15:53:56.353157,0 days 00:00:00.605462,136.64453631779014,2.5956190896335003,0,COMPLETE,0.08051836071536811
112,-0.08018478282752128,2026-06-09 15:53:56.353321,2026-06-09 15:53:57.272788,0 days 00:00:00.919467,116.7285349435245,2.540432163884442,2,COMPLETE,0.08018478282752128
113,-0.08051305155641242,2026-06-09 15:53:57.272896,2026-06-09 15:53:57.892974,0 days 00:00:00.620078,137.06612725949165,2.8332300412020768,0,COMPLETE,0.08051305155641242
114,-0.07969298346300446,2026-06-09 15:53:57.893075,2026-06-09 15:53:58.802050,0 days 00:00:00.908975,101.96645687228252,2.82303973527249,2,COMPLETE,0.07969298346300446
115,-0.08061443287185044,2026-06-09 15:53:58.802116,2026-06-09 15:53:59.458694,0 days 00:00:00.656578,151.19898638269245,2.964297094657104,1,COMPLETE,0.08061443287185044
116,-0.08018586542049289,2026-06-09 15:53:59.458779,2026-06-09 15:54:00.470570,0 days 00:00:01.011791,153.4373424463481,2.642075493916176,3,COMPLETE,0.08018586542049289
117,-0.08026504138734214,2026-06-09 15:54:00.470675,2026-06-09 15:54:01.044861,0 days 00:00:00.574186,123.36419904096758,2.9057102023748427,0,COMPLETE,0.08026504138734214
118,-0.0792189611132057,2026-06-09 15:54:01.044968,2026-06-09 15:54:01.706658,0 days 00:00:00.661690,111.73479004105697,1.5638391097054696,1,COMPLETE,0.0792189611132057
119,-0.0800543977259478,2026-06-09 15:54:01.706758,2026-06-09 15:54:02.793737,0 days 00:00:01.086979,133.1349189105943,1.8706051790550613,2,COMPLETE,0.0800543977259478
120,-0.07983210320755096,2026-06-09 15:54:02.793792,2026-06-09 15:54:04.006516,0 days 00:00:01.212724,162.861532972588,2.44731803056833,4,COMPLETE,0.07983210320755096
121,-0.07495958101234612,2026-06-09 15:54:04.006625,2026-06-09 15:54:05.030468,0 days 00:00:01.023843,975.0656104832638,2.852595849217135,1,COMPLETE,0.07495958101234612
122,-0.08049173152500677,2026-06-09 15:54:05.030523,2026-06-09 15:54:05.643389,0 days 00:00:00.612866,201.14995642123466,3.181634142682118,0,COMPLETE,0.08049173152500677
123,-0.0806116150876186,2026-06-09 15:54:05.643446,2026-06-09 15:54:06.314144,0 days 00:00:00.670698,170.05188265664876,3.200994638713761,0,COMPLETE,0.0806116150876186
124,-0.08057554742237616,2026-06-09 15:54:06.314247,2026-06-09 15:54:06.871042,0 days 00:00:00.556795,152.29254297340353,3.138327421916168,0,COMPLETE,0.08057554742237616
125,-0.08060375488558846,2026-06-09 15:54:06.871151,2026-06-09 15:54:07.452037,0 days 00:00:00.580886,167.61106851872424,3.2312604002748078,0,COMPLETE,0.08060375488558846
126,-0.080641336329767,2026-06-09 15:54:07.452091,2026-06-09 15:54:08.090183,0 days 00:00:00.638092,171.35306206520178,3.0737481950469085,0,COMPLETE,0.080641336329767
127,-0.0805965115795545,2026-06-09 15:54:08.090385,2026-06-09 15:54:08.732658,0 days 00:00:00.642273,170.46044281823683,3.261071110012327,0,COMPLETE,0.0805965115795545
